<?xml version="1.0" encoding="UTF-8"?>
<testsuite xmlns:xsi="http://www.w3.org/2001/XMLSchema-instance" xsi:noNamespaceSchemaLocation="https://maven.apache.org/surefire/maven-surefire-plugin/xsd/surefire-test-report-3.0.xsd" version="3.0" name="com.stelnikov.postgresjpa.controller.AuthorControllerIntegrationTest" time="2.605" tests="14" errors="0" skipped="0" failures="0">
  <properties>
[...]
</properties>
  <testcase name="testThatFullUpdateUpdatesExistingAuthor" classname="com.stelnikov.postgresjpa.controller.AuthorControllerIntegrationTest" time="0.215">
    <system-out><![CDATA[2024-02-13T21:17:43.683-05:00  INFO 97673 --- [           main] t.c.s.AnnotationConfigContextLoaderUtils : Could not detect default configuration classes for test class [com.stelnikov.postgresjpa.controller.AuthorControllerIntegrationTest]: AuthorControllerIntegrationTest does not declare any static, non-private, non-final, nested classes annotated with @Configuration.
2024-02-13T21:17:43.691-05:00  INFO 97673 --- [           main] .b.t.c.SpringBootTestContextBootstrapper : Found @SpringBootConfiguration com.stelnikov.postgresjpa.PostgresJpaApplication for test class com.stelnikov.postgresjpa.controller.AuthorControllerIntegrationTest

  .   ____          _            __ _ _
 /\\ / ___'_ __ _ _(_)_ __  __ _ \ \ \ \
( ( )\___ | '_ | '_| | '_ \/ _` | \ \ \ \
 \\/  ___)| |_)| | | | | || (_| |  ) ) ) )
  '  |____| .__|_| |_|_| |_\__, | / / / /
 =========|_|==============|___/=/_/_/_/
 :: Spring Boot ::                (v3.2.2)

2024-02-13T21:17:43.701-05:00  INFO 97673 --- [           main] c.s.p.c.AuthorControllerIntegrationTest  : Starting AuthorControllerIntegrationTest using Java 19.0.2 with PID 97673 (started by strelnikov in /Users/strelnikov/Documents/dev/my-java/Templates/postgres-jpa)
2024-02-13T21:17:43.701-05:00  INFO 97673 --- [           main] c.s.p.c.AuthorControllerIntegrationTest  : No active profile set, falling back to 1 default profile: "default"
2024-02-13T21:17:43.752-05:00  INFO 97673 --- [           main] .s.d.r.c.RepositoryConfigurationDelegate : Bootstrapping Spring Data JPA repositories in DEFAULT mode.
2024-02-13T21:17:43.757-05:00  INFO 97673 --- [           main] .s.d.r.c.RepositoryConfigurationDelegate : Finished Spring Data repository scanning in 4 ms. Found 2 JPA repository interfaces.
2024-02-13T21:17:43.786-05:00  INFO 97673 --- [           main] com.zaxxer.hikari.HikariDataSource       : HikariPool-9 - Starting...
2024-02-13T21:17:43.787-05:00  INFO 97673 --- [           main] com.zaxxer.hikari.pool.HikariPool        : HikariPool-9 - Added connection conn37: url=jdbc:h2:mem:testdb:MODE=PostgreSQL user=SA
2024-02-13T21:17:43.787-05:00  INFO 97673 --- [           main] com.zaxxer.hikari.HikariDataSource       : HikariPool-9 - Start completed.
2024-02-13T21:17:43.788-05:00  INFO 97673 --- [           main] o.hibernate.jpa.internal.util.LogHelper  : HHH000204: Processing PersistenceUnitInfo [name: default]
2024-02-13T21:17:43.788-05:00  INFO 97673 --- [           main] o.h.c.internal.RegionFactoryInitiator    : HHH000026: Second-level cache disabled
2024-02-13T21:17:43.789-05:00  INFO 97673 --- [           main] o.s.o.j.p.SpringPersistenceUnitInfo      : No LoadTimeWeaver setup: ignoring JPA class transformer
2024-02-13T21:17:43.805-05:00  INFO 97673 --- [           main] o.h.e.t.j.p.i.JtaPlatformInitiator       : HHH000489: No JTA platform available (set 'hibernate.transaction.jta.platform' to enable JTA platform integration)
2024-02-13T21:17:43.807-05:00  INFO 97673 --- [           main] j.LocalContainerEntityManagerFactoryBean : Initialized JPA EntityManagerFactory for persistence unit 'default'
2024-02-13T21:17:43.839-05:00  WARN 97673 --- [           main] JpaBaseConfiguration$JpaWebConfiguration : spring.jpa.open-in-view is enabled by default. Therefore, database queries may be performed during view rendering. Explicitly configure spring.jpa.open-in-view to disable this warning
2024-02-13T21:17:43.884-05:00  INFO 97673 --- [           main] o.s.b.t.m.w.SpringBootMockServletContext : Initializing Spring TestDispatcherServlet ''
2024-02-13T21:17:43.884-05:00  INFO 97673 --- [           main] o.s.t.web.servlet.TestDispatcherServlet  : Initializing Servlet ''
2024-02-13T21:17:43.885-05:00  INFO 97673 --- [           main] o.s.t.web.servlet.TestDispatcherServlet  : Completed initialization in 1 ms
2024-02-13T21:17:43.890-05:00  INFO 97673 --- [           main] c.s.p.c.AuthorControllerIntegrationTest  : Started AuthorControllerIntegrationTest in 0.196 seconds (process running for 4.954)
2024-02-13T21:17:44.105-05:00  INFO 97673 --- [           main] j.LocalContainerEntityManagerFactoryBean : Closing JPA EntityManagerFactory for persistence unit 'default'
2024-02-13T21:17:44.106-05:00  INFO 97673 --- [           main] com.zaxxer.hikari.HikariDataSource       : HikariPool-9 - Shutdown initiated...
2024-02-13T21:17:44.106-05:00  INFO 97673 --- [           main] com.zaxxer.hikari.HikariDataSource       : HikariPool-9 - Shutdown completed.
]]></system-out>
  </testcase>
  <testcase name="testThatPartialUpdateExistingAuthorReturnsUpdatedAuthor" classname="com.stelnikov.postgresjpa.controller.AuthorControllerIntegrationTest" time="0.025">
    <system-out><![CDATA[
  .   ____          _            __ _ _
 /\\ / ___'_ __ _ _(_)_ __  __ _ \ \ \ \
( ( )\___ | '_ | '_| | '_ \/ _` | \ \ \ \
 \\/  ___)| |_)| | | | | || (_| |  ) ) ) )
  '  |____| .__|_| |_|_| |_\__, | / / / /
 =========|_|==============|___/=/_/_/_/
 :: Spring Boot ::                (v3.2.2)

2024-02-13T21:17:44.116-05:00  INFO 97673 --- [           main] c.s.p.c.AuthorControllerIntegrationTest  : Starting AuthorControllerIntegrationTest using Java 19.0.2 with PID 97673 (started by strelnikov in /Users/strelnikov/Documents/dev/my-java/Templates/postgres-jpa)
2024-02-13T21:17:44.116-05:00  INFO 97673 --- [           main] c.s.p.c.AuthorControllerIntegrationTest  : No active profile set, falling back to 1 default profile: "default"
2024-02-13T21:17:44.170-05:00  INFO 97673 --- [           main] .s.d.r.c.RepositoryConfigurationDelegate : Bootstrapping Spring Data JPA repositories in DEFAULT mode.
2024-02-13T21:17:44.174-05:00  INFO 97673 --- [           main] .s.d.r.c.RepositoryConfigurationDelegate : Finished Spring Data repository scanning in 3 ms. Found 2 JPA repository interfaces.
2024-02-13T21:17:44.204-05:00  INFO 97673 --- [           main] com.zaxxer.hikari.HikariDataSource       : HikariPool-10 - Starting...
2024-02-13T21:17:44.205-05:00  INFO 97673 --- [           main] com.zaxxer.hikari.pool.HikariPool        : HikariPool-10 - Added connection conn49: url=jdbc:h2:mem:testdb:MODE=PostgreSQL user=SA
2024-02-13T21:17:44.205-05:00  INFO 97673 --- [           main] com.zaxxer.hikari.HikariDataSource       : HikariPool-10 - Start completed.
2024-02-13T21:17:44.205-05:00  INFO 97673 --- [           main] o.hibernate.jpa.internal.util.LogHelper  : HHH000204: Processing PersistenceUnitInfo [name: default]
2024-02-13T21:17:44.206-05:00  INFO 97673 --- [           main] o.h.c.internal.RegionFactoryInitiator    : HHH000026: Second-level cache disabled
2024-02-13T21:17:44.207-05:00  INFO 97673 --- [           main] o.s.o.j.p.SpringPersistenceUnitInfo      : No LoadTimeWeaver setup: ignoring JPA class transformer
2024-02-13T21:17:44.237-05:00  INFO 97673 --- [           main] o.h.e.t.j.p.i.JtaPlatformInitiator       : HHH000489: No JTA platform available (set 'hibernate.transaction.jta.platform' to enable JTA platform integration)
2024-02-13T21:17:44.238-05:00  INFO 97673 --- [           main] j.LocalContainerEntityManagerFactoryBean : Initialized JPA EntityManagerFactory for persistence unit 'default'
2024-02-13T21:17:44.267-05:00  WARN 97673 --- [           main] JpaBaseConfiguration$JpaWebConfiguration : spring.jpa.open-in-view is enabled by default. Therefore, database queries may be performed during view rendering. Explicitly configure spring.jpa.open-in-view to disable this warning
2024-02-13T21:17:44.302-05:00  INFO 97673 --- [           main] o.s.b.t.m.w.SpringBootMockServletContext : Initializing Spring TestDispatcherServlet ''
2024-02-13T21:17:44.302-05:00  INFO 97673 --- [           main] o.s.t.web.servlet.TestDispatcherServlet  : Initializing Servlet ''
2024-02-13T21:17:44.303-05:00  INFO 97673 --- [           main] o.s.t.web.servlet.TestDispatcherServlet  : Completed initialization in 1 ms
2024-02-13T21:17:44.306-05:00  INFO 97673 --- [           main] c.s.p.c.AuthorControllerIntegrationTest  : Started AuthorControllerIntegrationTest in 0.198 seconds (process running for 5.371)
2024-02-13T21:17:44.320-05:00  INFO 97673 --- [           main] j.LocalContainerEntityManagerFactoryBean : Closing JPA EntityManagerFactory for persistence unit 'default'
2024-02-13T21:17:44.321-05:00  INFO 97673 --- [           main] com.zaxxer.hikari.HikariDataSource       : HikariPool-10 - Shutdown initiated...
2024-02-13T21:17:44.332-05:00  INFO 97673 --- [           main] com.zaxxer.hikari.HikariDataSource       : HikariPool-10 - Shutdown completed.
]]></system-out>
  </testcase>
  <testcase name="testThatDeleteSuccessfullyReturnHttp204ForExistingAuthor" classname="com.stelnikov.postgresjpa.controller.AuthorControllerIntegrationTest" time="0.025">
    <system-out><![CDATA[
  .   ____          _            __ _ _
 /\\ / ___'_ __ _ _(_)_ __  __ _ \ \ \ \
( ( )\___ | '_ | '_| | '_ \/ _` | \ \ \ \
 \\/  ___)| |_)| | | | | || (_| |  ) ) ) )
  '  |____| .__|_| |_|_| |_\__, | / / / /
 =========|_|==============|___/=/_/_/_/
 :: Spring Boot ::                (v3.2.2)

2024-02-13T21:17:44.341-05:00  INFO 97673 --- [           main] c.s.p.c.AuthorControllerIntegrationTest  : Starting AuthorControllerIntegrationTest using Java 19.0.2 with PID 97673 (started by strelnikov in /Users/strelnikov/Documents/dev/my-java/Templates/postgres-jpa)
2024-02-13T21:17:44.341-05:00  INFO 97673 --- [           main] c.s.p.c.AuthorControllerIntegrationTest  : No active profile set, falling back to 1 default profile: "default"
2024-02-13T21:17:44.391-05:00  INFO 97673 --- [           main] .s.d.r.c.RepositoryConfigurationDelegate : Bootstrapping Spring Data JPA repositories in DEFAULT mode.
2024-02-13T21:17:44.395-05:00  INFO 97673 --- [           main] .s.d.r.c.RepositoryConfigurationDelegate : Finished Spring Data repository scanning in 3 ms. Found 2 JPA repository interfaces.
2024-02-13T21:17:44.424-05:00  INFO 97673 --- [           main] com.zaxxer.hikari.HikariDataSource       : HikariPool-11 - Starting...
2024-02-13T21:17:44.425-05:00  INFO 97673 --- [           main] com.zaxxer.hikari.pool.HikariPool        : HikariPool-11 - Added connection conn52: url=jdbc:h2:mem:testdb:MODE=PostgreSQL user=SA
2024-02-13T21:17:44.425-05:00  INFO 97673 --- [           main] com.zaxxer.hikari.HikariDataSource       : HikariPool-11 - Start completed.
2024-02-13T21:17:44.425-05:00  INFO 97673 --- [           main] o.hibernate.jpa.internal.util.LogHelper  : HHH000204: Processing PersistenceUnitInfo [name: default]
2024-02-13T21:17:44.426-05:00  INFO 97673 --- [           main] o.h.c.internal.RegionFactoryInitiator    : HHH000026: Second-level cache disabled
2024-02-13T21:17:44.427-05:00  INFO 97673 --- [           main] o.s.o.j.p.SpringPersistenceUnitInfo      : No LoadTimeWeaver setup: ignoring JPA class transformer
2024-02-13T21:17:44.444-05:00  INFO 97673 --- [           main] o.h.e.t.j.p.i.JtaPlatformInitiator       : HHH000489: No JTA platform available (set 'hibernate.transaction.jta.platform' to enable JTA platform integration)
2024-02-13T21:17:44.445-05:00  INFO 97673 --- [           main] j.LocalContainerEntityManagerFactoryBean : Initialized JPA EntityManagerFactory for persistence unit 'default'
2024-02-13T21:17:44.482-05:00  WARN 97673 --- [           main] JpaBaseConfiguration$JpaWebConfiguration : spring.jpa.open-in-view is enabled by default. Therefore, database queries may be performed during view rendering. Explicitly configure spring.jpa.open-in-view to disable this warning
2024-02-13T21:17:44.509-05:00  INFO 97673 --- [           main] o.s.b.t.m.w.SpringBootMockServletContext : Initializing Spring TestDispatcherServlet ''
2024-02-13T21:17:44.510-05:00  INFO 97673 --- [           main] o.s.t.web.servlet.TestDispatcherServlet  : Initializing Servlet ''
2024-02-13T21:17:44.510-05:00  INFO 97673 --- [           main] o.s.t.web.servlet.TestDispatcherServlet  : Completed initialization in 0 ms
2024-02-13T21:17:44.513-05:00  INFO 97673 --- [           main] c.s.p.c.AuthorControllerIntegrationTest  : Started AuthorControllerIntegrationTest in 0.18 seconds (process running for 5.578)
2024-02-13T21:17:44.527-05:00  INFO 97673 --- [           main] j.LocalContainerEntityManagerFactoryBean : Closing JPA EntityManagerFactory for persistence unit 'default'
2024-02-13T21:17:44.528-05:00  INFO 97673 --- [           main] com.zaxxer.hikari.HikariDataSource       : HikariPool-11 - Shutdown initiated...
2024-02-13T21:17:44.539-05:00  INFO 97673 --- [           main] com.zaxxer.hikari.HikariDataSource       : HikariPool-11 - Shutdown completed.
]]></system-out>
  </testcase>
  <testcase name="testThatGetAllReturnsHttpStatus200" classname="com.stelnikov.postgresjpa.controller.AuthorControllerIntegrationTest" time="0.023">
    <system-out><![CDATA[
  .   ____          _            __ _ _
 /\\ / ___'_ __ _ _(_)_ __  __ _ \ \ \ \
( ( )\___ | '_ | '_| | '_ \/ _` | \ \ \ \
 \\/  ___)| |_)| | | | | || (_| |  ) ) ) )
  '  |____| .__|_| |_|_| |_\__, | / / / /
 =========|_|==============|___/=/_/_/_/
 :: Spring Boot ::                (v3.2.2)

2024-02-13T21:17:44.547-05:00  INFO 97673 --- [           main] c.s.p.c.AuthorControllerIntegrationTest  : Starting AuthorControllerIntegrationTest using Java 19.0.2 with PID 97673 (started by strelnikov in /Users/strelnikov/Documents/dev/my-java/Templates/postgres-jpa)
2024-02-13T21:17:44.547-05:00  INFO 97673 --- [           main] c.s.p.c.AuthorControllerIntegrationTest  : No active profile set, falling back to 1 default profile: "default"
2024-02-13T21:17:44.595-05:00  INFO 97673 --- [           main] .s.d.r.c.RepositoryConfigurationDelegate : Bootstrapping Spring Data JPA repositories in DEFAULT mode.
2024-02-13T21:17:44.599-05:00  INFO 97673 --- [           main] .s.d.r.c.RepositoryConfigurationDelegate : Finished Spring Data repository scanning in 3 ms. Found 2 JPA repository interfaces.
2024-02-13T21:17:44.621-05:00  INFO 97673 --- [           main] com.zaxxer.hikari.HikariDataSource       : HikariPool-12 - Starting...
2024-02-13T21:17:44.622-05:00  INFO 97673 --- [           main] com.zaxxer.hikari.pool.HikariPool        : HikariPool-12 - Added connection conn54: url=jdbc:h2:mem:testdb:MODE=PostgreSQL user=SA
2024-02-13T21:17:44.622-05:00  INFO 97673 --- [           main] com.zaxxer.hikari.HikariDataSource       : HikariPool-12 - Start completed.
2024-02-13T21:17:44.622-05:00  INFO 97673 --- [           main] o.hibernate.jpa.internal.util.LogHelper  : HHH000204: Processing PersistenceUnitInfo [name: default]
2024-02-13T21:17:44.623-05:00  INFO 97673 --- [           main] o.h.c.internal.RegionFactoryInitiator    : HHH000026: Second-level cache disabled
2024-02-13T21:17:44.624-05:00  INFO 97673 --- [           main] o.s.o.j.p.SpringPersistenceUnitInfo      : No LoadTimeWeaver setup: ignoring JPA class transformer
2024-02-13T21:17:44.641-05:00  INFO 97673 --- [           main] o.h.e.t.j.p.i.JtaPlatformInitiator       : HHH000489: No JTA platform available (set 'hibernate.transaction.jta.platform' to enable JTA platform integration)
2024-02-13T21:17:44.643-05:00  INFO 97673 --- [           main] j.LocalContainerEntityManagerFactoryBean : Initialized JPA EntityManagerFactory for persistence unit 'default'
2024-02-13T21:17:44.669-05:00  WARN 97673 --- [           main] JpaBaseConfiguration$JpaWebConfiguration : spring.jpa.open-in-view is enabled by default. Therefore, database queries may be performed during view rendering. Explicitly configure spring.jpa.open-in-view to disable this warning
2024-02-13T21:17:44.695-05:00  INFO 97673 --- [           main] o.s.b.t.m.w.SpringBootMockServletContext : Initializing Spring TestDispatcherServlet ''
2024-02-13T21:17:44.695-05:00  INFO 97673 --- [           main] o.s.t.web.servlet.TestDispatcherServlet  : Initializing Servlet ''
2024-02-13T21:17:44.695-05:00  INFO 97673 --- [           main] o.s.t.web.servlet.TestDispatcherServlet  : Completed initialization in 0 ms
2024-02-13T21:17:44.701-05:00  INFO 97673 --- [           main] c.s.p.c.AuthorControllerIntegrationTest  : Started AuthorControllerIntegrationTest in 0.161 seconds (process running for 5.766)
2024-02-13T21:17:44.724-05:00  INFO 97673 --- [           main] j.LocalContainerEntityManagerFactoryBean : Closing JPA EntityManagerFactory for persistence unit 'default'
2024-02-13T21:17:44.724-05:00  INFO 97673 --- [           main] com.zaxxer.hikari.HikariDataSource       : HikariPool-12 - Shutdown initiated...
2024-02-13T21:17:44.725-05:00  INFO 97673 --- [           main] com.zaxxer.hikari.HikariDataSource       : HikariPool-12 - Shutdown completed.
]]></system-out>
  </testcase>
  <testcase name="testThatGetAllReturnsListOfAuthors" classname="com.stelnikov.postgresjpa.controller.AuthorControllerIntegrationTest" time="0.015">
    <system-out><![CDATA[
  .   ____          _            __ _ _
 /\\ / ___'_ __ _ _(_)_ __  __ _ \ \ \ \
( ( )\___ | '_ | '_| | '_ \/ _` | \ \ \ \
 \\/  ___)| |_)| | | | | || (_| |  ) ) ) )
  '  |____| .__|_| |_|_| |_\__, | / / / /
 =========|_|==============|___/=/_/_/_/
 :: Spring Boot ::                (v3.2.2)

2024-02-13T21:17:44.734-05:00  INFO 97673 --- [           main] c.s.p.c.AuthorControllerIntegrationTest  : Starting AuthorControllerIntegrationTest using Java 19.0.2 with PID 97673 (started by strelnikov in /Users/strelnikov/Documents/dev/my-java/Templates/postgres-jpa)
2024-02-13T21:17:44.734-05:00  INFO 97673 --- [           main] c.s.p.c.AuthorControllerIntegrationTest  : No active profile set, falling back to 1 default profile: "default"
2024-02-13T21:17:44.774-05:00  INFO 97673 --- [           main] .s.d.r.c.RepositoryConfigurationDelegate : Bootstrapping Spring Data JPA repositories in DEFAULT mode.
2024-02-13T21:17:44.778-05:00  INFO 97673 --- [           main] .s.d.r.c.RepositoryConfigurationDelegate : Finished Spring Data repository scanning in 3 ms. Found 2 JPA repository interfaces.
2024-02-13T21:17:44.799-05:00  INFO 97673 --- [           main] com.zaxxer.hikari.HikariDataSource       : HikariPool-13 - Starting...
2024-02-13T21:17:44.800-05:00  INFO 97673 --- [           main] com.zaxxer.hikari.pool.HikariPool        : HikariPool-13 - Added connection conn55: url=jdbc:h2:mem:testdb:MODE=PostgreSQL user=SA
2024-02-13T21:17:44.800-05:00  INFO 97673 --- [           main] com.zaxxer.hikari.HikariDataSource       : HikariPool-13 - Start completed.
2024-02-13T21:17:44.800-05:00  INFO 97673 --- [           main] o.hibernate.jpa.internal.util.LogHelper  : HHH000204: Processing PersistenceUnitInfo [name: default]
2024-02-13T21:17:44.801-05:00  INFO 97673 --- [           main] o.h.c.internal.RegionFactoryInitiator    : HHH000026: Second-level cache disabled
2024-02-13T21:17:44.802-05:00  INFO 97673 --- [           main] o.s.o.j.p.SpringPersistenceUnitInfo      : No LoadTimeWeaver setup: ignoring JPA class transformer
2024-02-13T21:17:44.816-05:00  INFO 97673 --- [           main] o.h.e.t.j.p.i.JtaPlatformInitiator       : HHH000489: No JTA platform available (set 'hibernate.transaction.jta.platform' to enable JTA platform integration)
2024-02-13T21:17:44.818-05:00  INFO 97673 --- [           main] j.LocalContainerEntityManagerFactoryBean : Initialized JPA EntityManagerFactory for persistence unit 'default'
2024-02-13T21:17:44.848-05:00  WARN 97673 --- [           main] JpaBaseConfiguration$JpaWebConfiguration : spring.jpa.open-in-view is enabled by default. Therefore, database queries may be performed during view rendering. Explicitly configure spring.jpa.open-in-view to disable this warning
2024-02-13T21:17:44.882-05:00  INFO 97673 --- [           main] o.s.b.t.m.w.SpringBootMockServletContext : Initializing Spring TestDispatcherServlet ''
2024-02-13T21:17:44.882-05:00  INFO 97673 --- [           main] o.s.t.web.servlet.TestDispatcherServlet  : Initializing Servlet ''
2024-02-13T21:17:44.883-05:00  INFO 97673 --- [           main] o.s.t.web.servlet.TestDispatcherServlet  : Completed initialization in 1 ms
2024-02-13T21:17:44.886-05:00  INFO 97673 --- [           main] c.s.p.c.AuthorControllerIntegrationTest  : Started AuthorControllerIntegrationTest in 0.159 seconds (process running for 5.95)
2024-02-13T21:17:44.900-05:00  INFO 97673 --- [           main] j.LocalContainerEntityManagerFactoryBean : Closing JPA EntityManagerFactory for persistence unit 'default'
2024-02-13T21:17:44.900-05:00  INFO 97673 --- [           main] com.zaxxer.hikari.HikariDataSource       : HikariPool-13 - Shutdown initiated...
2024-02-13T21:17:44.901-05:00  INFO 97673 --- [           main] com.zaxxer.hikari.HikariDataSource       : HikariPool-13 - Shutdown completed.
]]></system-out>
  </testcase>
  <testcase name="testThatCreateAuthorSuccessfullyReturnsHttp201Created" classname="com.stelnikov.postgresjpa.controller.AuthorControllerIntegrationTest" time="0.008">
    <system-out><![CDATA[
  .   ____          _            __ _ _
 /\\ / ___'_ __ _ _(_)_ __  __ _ \ \ \ \
( ( )\___ | '_ | '_| | '_ \/ _` | \ \ \ \
 \\/  ___)| |_)| | | | | || (_| |  ) ) ) )
  '  |____| .__|_| |_|_| |_\__, | / / / /
 =========|_|==============|___/=/_/_/_/
 :: Spring Boot ::                (v3.2.2)

2024-02-13T21:17:44.908-05:00  INFO 97673 --- [           main] c.s.p.c.AuthorControllerIntegrationTest  : Starting AuthorControllerIntegrationTest using Java 19.0.2 with PID 97673 (started by strelnikov in /Users/strelnikov/Documents/dev/my-java/Templates/postgres-jpa)
2024-02-13T21:17:44.908-05:00  INFO 97673 --- [           main] c.s.p.c.AuthorControllerIntegrationTest  : No active profile set, falling back to 1 default profile: "default"
2024-02-13T21:17:44.950-05:00  INFO 97673 --- [           main] .s.d.r.c.RepositoryConfigurationDelegate : Bootstrapping Spring Data JPA repositories in DEFAULT mode.
2024-02-13T21:17:44.954-05:00  INFO 97673 --- [           main] .s.d.r.c.RepositoryConfigurationDelegate : Finished Spring Data repository scanning in 3 ms. Found 2 JPA repository interfaces.
2024-02-13T21:17:44.975-05:00  INFO 97673 --- [           main] com.zaxxer.hikari.HikariDataSource       : HikariPool-14 - Starting...
2024-02-13T21:17:44.976-05:00  INFO 97673 --- [           main] com.zaxxer.hikari.pool.HikariPool        : HikariPool-14 - Added connection conn56: url=jdbc:h2:mem:testdb:MODE=PostgreSQL user=SA
2024-02-13T21:17:44.976-05:00  INFO 97673 --- [           main] com.zaxxer.hikari.HikariDataSource       : HikariPool-14 - Start completed.
2024-02-13T21:17:44.976-05:00  INFO 97673 --- [           main] o.hibernate.jpa.internal.util.LogHelper  : HHH000204: Processing PersistenceUnitInfo [name: default]
2024-02-13T21:17:44.977-05:00  INFO 97673 --- [           main] o.h.c.internal.RegionFactoryInitiator    : HHH000026: Second-level cache disabled
2024-02-13T21:17:44.978-05:00  INFO 97673 --- [           main] o.s.o.j.p.SpringPersistenceUnitInfo      : No LoadTimeWeaver setup: ignoring JPA class transformer
2024-02-13T21:17:44.994-05:00  INFO 97673 --- [           main] o.h.e.t.j.p.i.JtaPlatformInitiator       : HHH000489: No JTA platform available (set 'hibernate.transaction.jta.platform' to enable JTA platform integration)
2024-02-13T21:17:44.996-05:00  INFO 97673 --- [           main] j.LocalContainerEntityManagerFactoryBean : Initialized JPA EntityManagerFactory for persistence unit 'default'
2024-02-13T21:17:45.018-05:00  WARN 97673 --- [           main] JpaBaseConfiguration$JpaWebConfiguration : spring.jpa.open-in-view is enabled by default. Therefore, database queries may be performed during view rendering. Explicitly configure spring.jpa.open-in-view to disable this warning
2024-02-13T21:17:45.045-05:00  INFO 97673 --- [           main] o.s.b.t.m.w.SpringBootMockServletContext : Initializing Spring TestDispatcherServlet ''
2024-02-13T21:17:45.045-05:00  INFO 97673 --- [           main] o.s.t.web.servlet.TestDispatcherServlet  : Initializing Servlet ''
2024-02-13T21:17:45.045-05:00  INFO 97673 --- [           main] o.s.t.web.servlet.TestDispatcherServlet  : Completed initialization in 0 ms
2024-02-13T21:17:45.048-05:00  INFO 97673 --- [           main] c.s.p.c.AuthorControllerIntegrationTest  : Started AuthorControllerIntegrationTest in 0.146 seconds (process running for 6.112)
2024-02-13T21:17:45.057-05:00  INFO 97673 --- [           main] j.LocalContainerEntityManagerFactoryBean : Closing JPA EntityManagerFactory for persistence unit 'default'
2024-02-13T21:17:45.058-05:00  INFO 97673 --- [           main] com.zaxxer.hikari.HikariDataSource       : HikariPool-14 - Shutdown initiated...
2024-02-13T21:17:45.058-05:00  INFO 97673 --- [           main] com.zaxxer.hikari.HikariDataSource       : HikariPool-14 - Shutdown completed.
]]></system-out>
  </testcase>
  <testcase name="testThatGetByIdReturnsHttpStatus404WhenNoAuthorExists" classname="com.stelnikov.postgresjpa.controller.AuthorControllerIntegrationTest" time="0.006">
    <system-out><![CDATA[
  .   ____          _            __ _ _
 /\\ / ___'_ __ _ _(_)_ __  __ _ \ \ \ \
( ( )\___ | '_ | '_| | '_ \/ _` | \ \ \ \
 \\/  ___)| |_)| | | | | || (_| |  ) ) ) )
  '  |____| .__|_| |_|_| |_\__, | / / / /
 =========|_|==============|___/=/_/_/_/
 :: Spring Boot ::                (v3.2.2)

2024-02-13T21:17:45.066-05:00  INFO 97673 --- [           main] c.s.p.c.AuthorControllerIntegrationTest  : Starting AuthorControllerIntegrationTest using Java 19.0.2 with PID 97673 (started by strelnikov in /Users/strelnikov/Documents/dev/my-java/Templates/postgres-jpa)
2024-02-13T21:17:45.066-05:00  INFO 97673 --- [           main] c.s.p.c.AuthorControllerIntegrationTest  : No active profile set, falling back to 1 default profile: "default"
2024-02-13T21:17:45.107-05:00  INFO 97673 --- [           main] .s.d.r.c.RepositoryConfigurationDelegate : Bootstrapping Spring Data JPA repositories in DEFAULT mode.
2024-02-13T21:17:45.111-05:00  INFO 97673 --- [           main] .s.d.r.c.RepositoryConfigurationDelegate : Finished Spring Data repository scanning in 3 ms. Found 2 JPA repository interfaces.
2024-02-13T21:17:45.132-05:00  INFO 97673 --- [           main] com.zaxxer.hikari.HikariDataSource       : HikariPool-15 - Starting...
2024-02-13T21:17:45.133-05:00  INFO 97673 --- [           main] com.zaxxer.hikari.pool.HikariPool        : HikariPool-15 - Added connection conn57: url=jdbc:h2:mem:testdb:MODE=PostgreSQL user=SA
2024-02-13T21:17:45.133-05:00  INFO 97673 --- [           main] com.zaxxer.hikari.HikariDataSource       : HikariPool-15 - Start completed.
2024-02-13T21:17:45.133-05:00  INFO 97673 --- [           main] o.hibernate.jpa.internal.util.LogHelper  : HHH000204: Processing PersistenceUnitInfo [name: default]
2024-02-13T21:17:45.134-05:00  INFO 97673 --- [           main] o.h.c.internal.RegionFactoryInitiator    : HHH000026: Second-level cache disabled
2024-02-13T21:17:45.135-05:00  INFO 97673 --- [           main] o.s.o.j.p.SpringPersistenceUnitInfo      : No LoadTimeWeaver setup: ignoring JPA class transformer
2024-02-13T21:17:45.150-05:00  INFO 97673 --- [           main] o.h.e.t.j.p.i.JtaPlatformInitiator       : HHH000489: No JTA platform available (set 'hibernate.transaction.jta.platform' to enable JTA platform integration)
2024-02-13T21:17:45.152-05:00  INFO 97673 --- [           main] j.LocalContainerEntityManagerFactoryBean : Initialized JPA EntityManagerFactory for persistence unit 'default'
2024-02-13T21:17:45.178-05:00  WARN 97673 --- [           main] JpaBaseConfiguration$JpaWebConfiguration : spring.jpa.open-in-view is enabled by default. Therefore, database queries may be performed during view rendering. Explicitly configure spring.jpa.open-in-view to disable this warning
2024-02-13T21:17:45.205-05:00  INFO 97673 --- [           main] o.s.b.t.m.w.SpringBootMockServletContext : Initializing Spring TestDispatcherServlet ''
2024-02-13T21:17:45.205-05:00  INFO 97673 --- [           main] o.s.t.web.servlet.TestDispatcherServlet  : Initializing Servlet ''
2024-02-13T21:17:45.205-05:00  INFO 97673 --- [           main] o.s.t.web.servlet.TestDispatcherServlet  : Completed initialization in 0 ms
2024-02-13T21:17:45.208-05:00  INFO 97673 --- [           main] c.s.p.c.AuthorControllerIntegrationTest  : Started AuthorControllerIntegrationTest in 0.149 seconds (process running for 6.272)
2024-02-13T21:17:45.214-05:00  INFO 97673 --- [           main] j.LocalContainerEntityManagerFactoryBean : Closing JPA EntityManagerFactory for persistence unit 'default'
2024-02-13T21:17:45.214-05:00  INFO 97673 --- [           main] com.zaxxer.hikari.HikariDataSource       : HikariPool-15 - Shutdown initiated...
2024-02-13T21:17:45.214-05:00  INFO 97673 --- [           main] com.zaxxer.hikari.HikariDataSource       : HikariPool-15 - Shutdown completed.
]]></system-out>
  </testcase>
  <testcase name="testThatDeleteSuccessfullyReturnHttp204ForNonExistingAuthor" classname="com.stelnikov.postgresjpa.controller.AuthorControllerIntegrationTest" time="0.006">
    <system-out><![CDATA[
  .   ____          _            __ _ _
 /\\ / ___'_ __ _ _(_)_ __  __ _ \ \ \ \
( ( )\___ | '_ | '_| | '_ \/ _` | \ \ \ \
 \\/  ___)| |_)| | | | | || (_| |  ) ) ) )
  '  |____| .__|_| |_|_| |_\__, | / / / /
 =========|_|==============|___/=/_/_/_/
 :: Spring Boot ::                (v3.2.2)

2024-02-13T21:17:45.222-05:00  INFO 97673 --- [           main] c.s.p.c.AuthorControllerIntegrationTest  : Starting AuthorControllerIntegrationTest using Java 19.0.2 with PID 97673 (started by strelnikov in /Users/strelnikov/Documents/dev/my-java/Templates/postgres-jpa)
2024-02-13T21:17:45.222-05:00  INFO 97673 --- [           main] c.s.p.c.AuthorControllerIntegrationTest  : No active profile set, falling back to 1 default profile: "default"
2024-02-13T21:17:45.262-05:00  INFO 97673 --- [           main] .s.d.r.c.RepositoryConfigurationDelegate : Bootstrapping Spring Data JPA repositories in DEFAULT mode.
2024-02-13T21:17:45.266-05:00  INFO 97673 --- [           main] .s.d.r.c.RepositoryConfigurationDelegate : Finished Spring Data repository scanning in 3 ms. Found 2 JPA repository interfaces.
2024-02-13T21:17:45.287-05:00  INFO 97673 --- [           main] com.zaxxer.hikari.HikariDataSource       : HikariPool-16 - Starting...
2024-02-13T21:17:45.288-05:00  INFO 97673 --- [           main] com.zaxxer.hikari.pool.HikariPool        : HikariPool-16 - Added connection conn58: url=jdbc:h2:mem:testdb:MODE=PostgreSQL user=SA
2024-02-13T21:17:45.288-05:00  INFO 97673 --- [           main] com.zaxxer.hikari.HikariDataSource       : HikariPool-16 - Start completed.
2024-02-13T21:17:45.288-05:00  INFO 97673 --- [           main] o.hibernate.jpa.internal.util.LogHelper  : HHH000204: Processing PersistenceUnitInfo [name: default]
2024-02-13T21:17:45.289-05:00  INFO 97673 --- [           main] o.h.c.internal.RegionFactoryInitiator    : HHH000026: Second-level cache disabled
2024-02-13T21:17:45.290-05:00  INFO 97673 --- [           main] o.s.o.j.p.SpringPersistenceUnitInfo      : No LoadTimeWeaver setup: ignoring JPA class transformer
2024-02-13T21:17:45.309-05:00  INFO 97673 --- [           main] o.h.e.t.j.p.i.JtaPlatformInitiator       : HHH000489: No JTA platform available (set 'hibernate.transaction.jta.platform' to enable JTA platform integration)
2024-02-13T21:17:45.311-05:00  INFO 97673 --- [           main] j.LocalContainerEntityManagerFactoryBean : Initialized JPA EntityManagerFactory for persistence unit 'default'
2024-02-13T21:17:45.332-05:00  WARN 97673 --- [           main] JpaBaseConfiguration$JpaWebConfiguration : spring.jpa.open-in-view is enabled by default. Therefore, database queries may be performed during view rendering. Explicitly configure spring.jpa.open-in-view to disable this warning
2024-02-13T21:17:45.358-05:00  INFO 97673 --- [           main] o.s.b.t.m.w.SpringBootMockServletContext : Initializing Spring TestDispatcherServlet ''
2024-02-13T21:17:45.358-05:00  INFO 97673 --- [           main] o.s.t.web.servlet.TestDispatcherServlet  : Initializing Servlet ''
2024-02-13T21:17:45.358-05:00  INFO 97673 --- [           main] o.s.t.web.servlet.TestDispatcherServlet  : Completed initialization in 0 ms
2024-02-13T21:17:45.361-05:00  INFO 97673 --- [           main] c.s.p.c.AuthorControllerIntegrationTest  : Started AuthorControllerIntegrationTest in 0.145 seconds (process running for 6.425)
2024-02-13T21:17:45.366-05:00  INFO 97673 --- [           main] j.LocalContainerEntityManagerFactoryBean : Closing JPA EntityManagerFactory for persistence unit 'default'
2024-02-13T21:17:45.367-05:00  INFO 97673 --- [           main] com.zaxxer.hikari.HikariDataSource       : HikariPool-16 - Shutdown initiated...
2024-02-13T21:17:45.367-05:00  INFO 97673 --- [           main] com.zaxxer.hikari.HikariDataSource       : HikariPool-16 - Shutdown completed.
]]></system-out>
  </testcase>
  <testcase name="testThatGetByIdReturnsHttpStatus200WhenAuthorExist" classname="com.stelnikov.postgresjpa.controller.AuthorControllerIntegrationTest" time="0.008">
    <system-out><![CDATA[
  .   ____          _            __ _ _
 /\\ / ___'_ __ _ _(_)_ __  __ _ \ \ \ \
( ( )\___ | '_ | '_| | '_ \/ _` | \ \ \ \
 \\/  ___)| |_)| | | | | || (_| |  ) ) ) )
  '  |____| .__|_| |_|_| |_\__, | / / / /
 =========|_|==============|___/=/_/_/_/
 :: Spring Boot ::                (v3.2.2)

2024-02-13T21:17:45.374-05:00  INFO 97673 --- [           main] c.s.p.c.AuthorControllerIntegrationTest  : Starting AuthorControllerIntegrationTest using Java 19.0.2 with PID 97673 (started by strelnikov in /Users/strelnikov/Documents/dev/my-java/Templates/postgres-jpa)
2024-02-13T21:17:45.375-05:00  INFO 97673 --- [           main] c.s.p.c.AuthorControllerIntegrationTest  : No active profile set, falling back to 1 default profile: "default"
2024-02-13T21:17:45.418-05:00  INFO 97673 --- [           main] .s.d.r.c.RepositoryConfigurationDelegate : Bootstrapping Spring Data JPA repositories in DEFAULT mode.
2024-02-13T21:17:45.421-05:00  INFO 97673 --- [           main] .s.d.r.c.RepositoryConfigurationDelegate : Finished Spring Data repository scanning in 3 ms. Found 2 JPA repository interfaces.
2024-02-13T21:17:45.443-05:00  INFO 97673 --- [           main] com.zaxxer.hikari.HikariDataSource       : HikariPool-17 - Starting...
2024-02-13T21:17:45.444-05:00  INFO 97673 --- [           main] com.zaxxer.hikari.pool.HikariPool        : HikariPool-17 - Added connection conn59: url=jdbc:h2:mem:testdb:MODE=PostgreSQL user=SA
2024-02-13T21:17:45.444-05:00  INFO 97673 --- [           main] com.zaxxer.hikari.HikariDataSource       : HikariPool-17 - Start completed.
2024-02-13T21:17:45.444-05:00  INFO 97673 --- [           main] o.hibernate.jpa.internal.util.LogHelper  : HHH000204: Processing PersistenceUnitInfo [name: default]
2024-02-13T21:17:45.445-05:00  INFO 97673 --- [           main] o.h.c.internal.RegionFactoryInitiator    : HHH000026: Second-level cache disabled
2024-02-13T21:17:45.446-05:00  INFO 97673 --- [           main] o.s.o.j.p.SpringPersistenceUnitInfo      : No LoadTimeWeaver setup: ignoring JPA class transformer
2024-02-13T21:17:45.459-05:00  INFO 97673 --- [           main] o.h.e.t.j.p.i.JtaPlatformInitiator       : HHH000489: No JTA platform available (set 'hibernate.transaction.jta.platform' to enable JTA platform integration)
2024-02-13T21:17:45.461-05:00  INFO 97673 --- [           main] j.LocalContainerEntityManagerFactoryBean : Initialized JPA EntityManagerFactory for persistence unit 'default'
2024-02-13T21:17:45.482-05:00  WARN 97673 --- [           main] JpaBaseConfiguration$JpaWebConfiguration : spring.jpa.open-in-view is enabled by default. Therefore, database queries may be performed during view rendering. Explicitly configure spring.jpa.open-in-view to disable this warning
2024-02-13T21:17:45.507-05:00  INFO 97673 --- [           main] o.s.b.t.m.w.SpringBootMockServletContext : Initializing Spring TestDispatcherServlet ''
2024-02-13T21:17:45.507-05:00  INFO 97673 --- [           main] o.s.t.web.servlet.TestDispatcherServlet  : Initializing Servlet ''
2024-02-13T21:17:45.507-05:00  INFO 97673 --- [           main] o.s.t.web.servlet.TestDispatcherServlet  : Completed initialization in 0 ms
2024-02-13T21:17:45.510-05:00  INFO 97673 --- [           main] c.s.p.c.AuthorControllerIntegrationTest  : Started AuthorControllerIntegrationTest in 0.142 seconds (process running for 6.574)
2024-02-13T21:17:45.518-05:00  INFO 97673 --- [           main] j.LocalContainerEntityManagerFactoryBean : Closing JPA EntityManagerFactory for persistence unit 'default'
2024-02-13T21:17:45.518-05:00  INFO 97673 --- [           main] com.zaxxer.hikari.HikariDataSource       : HikariPool-17 - Shutdown initiated...
2024-02-13T21:17:45.519-05:00  INFO 97673 --- [           main] com.zaxxer.hikari.HikariDataSource       : HikariPool-17 - Shutdown completed.
]]></system-out>
  </testcase>
  <testcase name="testThatPartialUpdateExistingAuthorReturnsHttpStatus20Ok" classname="com.stelnikov.postgresjpa.controller.AuthorControllerIntegrationTest" time="0.011">
    <system-out><![CDATA[
  .   ____          _            __ _ _
 /\\ / ___'_ __ _ _(_)_ __  __ _ \ \ \ \
( ( )\___ | '_ | '_| | '_ \/ _` | \ \ \ \
 \\/  ___)| |_)| | | | | || (_| |  ) ) ) )
  '  |____| .__|_| |_|_| |_\__, | / / / /
 =========|_|==============|___/=/_/_/_/
 :: Spring Boot ::                (v3.2.2)

2024-02-13T21:17:45.526-05:00  INFO 97673 --- [           main] c.s.p.c.AuthorControllerIntegrationTest  : Starting AuthorControllerIntegrationTest using Java 19.0.2 with PID 97673 (started by strelnikov in /Users/strelnikov/Documents/dev/my-java/Templates/postgres-jpa)
2024-02-13T21:17:45.527-05:00  INFO 97673 --- [           main] c.s.p.c.AuthorControllerIntegrationTest  : No active profile set, falling back to 1 default profile: "default"
2024-02-13T21:17:45.571-05:00  INFO 97673 --- [           main] .s.d.r.c.RepositoryConfigurationDelegate : Bootstrapping Spring Data JPA repositories in DEFAULT mode.
2024-02-13T21:17:45.575-05:00  INFO 97673 --- [           main] .s.d.r.c.RepositoryConfigurationDelegate : Finished Spring Data repository scanning in 4 ms. Found 2 JPA repository interfaces.
2024-02-13T21:17:45.596-05:00  INFO 97673 --- [           main] com.zaxxer.hikari.HikariDataSource       : HikariPool-18 - Starting...
2024-02-13T21:17:45.596-05:00  INFO 97673 --- [           main] com.zaxxer.hikari.pool.HikariPool        : HikariPool-18 - Added connection conn60: url=jdbc:h2:mem:testdb:MODE=PostgreSQL user=SA
2024-02-13T21:17:45.596-05:00  INFO 97673 --- [           main] com.zaxxer.hikari.HikariDataSource       : HikariPool-18 - Start completed.
2024-02-13T21:17:45.597-05:00  INFO 97673 --- [           main] o.hibernate.jpa.internal.util.LogHelper  : HHH000204: Processing PersistenceUnitInfo [name: default]
2024-02-13T21:17:45.598-05:00  INFO 97673 --- [           main] o.h.c.internal.RegionFactoryInitiator    : HHH000026: Second-level cache disabled
2024-02-13T21:17:45.599-05:00  INFO 97673 --- [           main] o.s.o.j.p.SpringPersistenceUnitInfo      : No LoadTimeWeaver setup: ignoring JPA class transformer
2024-02-13T21:17:45.612-05:00  INFO 97673 --- [           main] o.h.e.t.j.p.i.JtaPlatformInitiator       : HHH000489: No JTA platform available (set 'hibernate.transaction.jta.platform' to enable JTA platform integration)
2024-02-13T21:17:45.613-05:00  INFO 97673 --- [           main] j.LocalContainerEntityManagerFactoryBean : Initialized JPA EntityManagerFactory for persistence unit 'default'
2024-02-13T21:17:45.633-05:00  WARN 97673 --- [           main] JpaBaseConfiguration$JpaWebConfiguration : spring.jpa.open-in-view is enabled by default. Therefore, database queries may be performed during view rendering. Explicitly configure spring.jpa.open-in-view to disable this warning
2024-02-13T21:17:45.657-05:00  INFO 97673 --- [           main] o.s.b.t.m.w.SpringBootMockServletContext : Initializing Spring TestDispatcherServlet ''
2024-02-13T21:17:45.657-05:00  INFO 97673 --- [           main] o.s.t.web.servlet.TestDispatcherServlet  : Initializing Servlet ''
2024-02-13T21:17:45.657-05:00  INFO 97673 --- [           main] o.s.t.web.servlet.TestDispatcherServlet  : Completed initialization in 0 ms
2024-02-13T21:17:45.660-05:00  INFO 97673 --- [           main] c.s.p.c.AuthorControllerIntegrationTest  : Started AuthorControllerIntegrationTest in 0.14 seconds (process running for 6.724)
2024-02-13T21:17:45.671-05:00  INFO 97673 --- [           main] j.LocalContainerEntityManagerFactoryBean : Closing JPA EntityManagerFactory for persistence unit 'default'
2024-02-13T21:17:45.672-05:00  INFO 97673 --- [           main] com.zaxxer.hikari.HikariDataSource       : HikariPool-18 - Shutdown initiated...
2024-02-13T21:17:45.672-05:00  INFO 97673 --- [           main] com.zaxxer.hikari.HikariDataSource       : HikariPool-18 - Shutdown completed.
]]></system-out>
  </testcase>
  <testcase name="testThatUpdateReturnsHttpStatus200WhenAuthorExists" classname="com.stelnikov.postgresjpa.controller.AuthorControllerIntegrationTest" time="0.01">
    <system-out><![CDATA[
  .   ____          _            __ _ _
 /\\ / ___'_ __ _ _(_)_ __  __ _ \ \ \ \
( ( )\___ | '_ | '_| | '_ \/ _` | \ \ \ \
 \\/  ___)| |_)| | | | | || (_| |  ) ) ) )
  '  |____| .__|_| |_|_| |_\__, | / / / /
 =========|_|==============|___/=/_/_/_/
 :: Spring Boot ::                (v3.2.2)

2024-02-13T21:17:45.686-05:00  INFO 97673 --- [           main] c.s.p.c.AuthorControllerIntegrationTest  : Starting AuthorControllerIntegrationTest using Java 19.0.2 with PID 97673 (started by strelnikov in /Users/strelnikov/Documents/dev/my-java/Templates/postgres-jpa)
2024-02-13T21:17:45.686-05:00  INFO 97673 --- [           main] c.s.p.c.AuthorControllerIntegrationTest  : No active profile set, falling back to 1 default profile: "default"
2024-02-13T21:17:45.731-05:00  INFO 97673 --- [           main] .s.d.r.c.RepositoryConfigurationDelegate : Bootstrapping Spring Data JPA repositories in DEFAULT mode.
2024-02-13T21:17:45.734-05:00  INFO 97673 --- [           main] .s.d.r.c.RepositoryConfigurationDelegate : Finished Spring Data repository scanning in 3 ms. Found 2 JPA repository interfaces.
2024-02-13T21:17:45.754-05:00  INFO 97673 --- [           main] com.zaxxer.hikari.HikariDataSource       : HikariPool-19 - Starting...
2024-02-13T21:17:45.755-05:00  INFO 97673 --- [           main] com.zaxxer.hikari.pool.HikariPool        : HikariPool-19 - Added connection conn61: url=jdbc:h2:mem:testdb:MODE=PostgreSQL user=SA
2024-02-13T21:17:45.755-05:00  INFO 97673 --- [           main] com.zaxxer.hikari.HikariDataSource       : HikariPool-19 - Start completed.
2024-02-13T21:17:45.755-05:00  INFO 97673 --- [           main] o.hibernate.jpa.internal.util.LogHelper  : HHH000204: Processing PersistenceUnitInfo [name: default]
2024-02-13T21:17:45.756-05:00  INFO 97673 --- [           main] o.h.c.internal.RegionFactoryInitiator    : HHH000026: Second-level cache disabled
2024-02-13T21:17:45.757-05:00  INFO 97673 --- [           main] o.s.o.j.p.SpringPersistenceUnitInfo      : No LoadTimeWeaver setup: ignoring JPA class transformer
2024-02-13T21:17:45.771-05:00  INFO 97673 --- [           main] o.h.e.t.j.p.i.JtaPlatformInitiator       : HHH000489: No JTA platform available (set 'hibernate.transaction.jta.platform' to enable JTA platform integration)
2024-02-13T21:17:45.773-05:00  INFO 97673 --- [           main] j.LocalContainerEntityManagerFactoryBean : Initialized JPA EntityManagerFactory for persistence unit 'default'
2024-02-13T21:17:45.792-05:00  WARN 97673 --- [           main] JpaBaseConfiguration$JpaWebConfiguration : spring.jpa.open-in-view is enabled by default. Therefore, database queries may be performed during view rendering. Explicitly configure spring.jpa.open-in-view to disable this warning
2024-02-13T21:17:45.816-05:00  INFO 97673 --- [           main] o.s.b.t.m.w.SpringBootMockServletContext : Initializing Spring TestDispatcherServlet ''
2024-02-13T21:17:45.816-05:00  INFO 97673 --- [           main] o.s.t.web.servlet.TestDispatcherServlet  : Initializing Servlet ''
2024-02-13T21:17:45.816-05:00  INFO 97673 --- [           main] o.s.t.web.servlet.TestDispatcherServlet  : Completed initialization in 0 ms
2024-02-13T21:17:45.819-05:00  INFO 97673 --- [           main] c.s.p.c.AuthorControllerIntegrationTest  : Started AuthorControllerIntegrationTest in 0.146 seconds (process running for 6.884)
2024-02-13T21:17:45.829-05:00  INFO 97673 --- [           main] j.LocalContainerEntityManagerFactoryBean : Closing JPA EntityManagerFactory for persistence unit 'default'
2024-02-13T21:17:45.830-05:00  INFO 97673 --- [           main] com.zaxxer.hikari.HikariDataSource       : HikariPool-19 - Shutdown initiated...
2024-02-13T21:17:45.830-05:00  INFO 97673 --- [           main] com.zaxxer.hikari.HikariDataSource       : HikariPool-19 - Shutdown completed.
]]></system-out>
  </testcase>
  <testcase name="testThatUpdateReturnsHttpStatus404WhenNoAuthorExists" classname="com.stelnikov.postgresjpa.controller.AuthorControllerIntegrationTest" time="0.008">
    <system-out><![CDATA[
  .   ____          _            __ _ _
 /\\ / ___'_ __ _ _(_)_ __  __ _ \ \ \ \
( ( )\___ | '_ | '_| | '_ \/ _` | \ \ \ \
 \\/  ___)| |_)| | | | | || (_| |  ) ) ) )
  '  |____| .__|_| |_|_| |_\__, | / / / /
 =========|_|==============|___/=/_/_/_/
 :: Spring Boot ::                (v3.2.2)

2024-02-13T21:17:45.838-05:00  INFO 97673 --- [           main] c.s.p.c.AuthorControllerIntegrationTest  : Starting AuthorControllerIntegrationTest using Java 19.0.2 with PID 97673 (started by strelnikov in /Users/strelnikov/Documents/dev/my-java/Templates/postgres-jpa)
2024-02-13T21:17:45.838-05:00  INFO 97673 --- [           main] c.s.p.c.AuthorControllerIntegrationTest  : No active profile set, falling back to 1 default profile: "default"
2024-02-13T21:17:45.881-05:00  INFO 97673 --- [           main] .s.d.r.c.RepositoryConfigurationDelegate : Bootstrapping Spring Data JPA repositories in DEFAULT mode.
2024-02-13T21:17:45.884-05:00  INFO 97673 --- [           main] .s.d.r.c.RepositoryConfigurationDelegate : Finished Spring Data repository scanning in 3 ms. Found 2 JPA repository interfaces.
2024-02-13T21:17:45.909-05:00  INFO 97673 --- [           main] com.zaxxer.hikari.HikariDataSource       : HikariPool-20 - Starting...
2024-02-13T21:17:45.910-05:00  INFO 97673 --- [           main] com.zaxxer.hikari.pool.HikariPool        : HikariPool-20 - Added connection conn62: url=jdbc:h2:mem:testdb:MODE=PostgreSQL user=SA
2024-02-13T21:17:45.910-05:00  INFO 97673 --- [           main] com.zaxxer.hikari.HikariDataSource       : HikariPool-20 - Start completed.
2024-02-13T21:17:45.910-05:00  INFO 97673 --- [           main] o.hibernate.jpa.internal.util.LogHelper  : HHH000204: Processing PersistenceUnitInfo [name: default]
2024-02-13T21:17:45.911-05:00  INFO 97673 --- [           main] o.h.c.internal.RegionFactoryInitiator    : HHH000026: Second-level cache disabled
2024-02-13T21:17:45.912-05:00  INFO 97673 --- [           main] o.s.o.j.p.SpringPersistenceUnitInfo      : No LoadTimeWeaver setup: ignoring JPA class transformer
2024-02-13T21:17:45.924-05:00  INFO 97673 --- [           main] o.h.e.t.j.p.i.JtaPlatformInitiator       : HHH000489: No JTA platform available (set 'hibernate.transaction.jta.platform' to enable JTA platform integration)
2024-02-13T21:17:45.926-05:00  INFO 97673 --- [           main] j.LocalContainerEntityManagerFactoryBean : Initialized JPA EntityManagerFactory for persistence unit 'default'
2024-02-13T21:17:45.946-05:00  WARN 97673 --- [           main] JpaBaseConfiguration$JpaWebConfiguration : spring.jpa.open-in-view is enabled by default. Therefore, database queries may be performed during view rendering. Explicitly configure spring.jpa.open-in-view to disable this warning
2024-02-13T21:17:45.974-05:00  INFO 97673 --- [           main] o.s.b.t.m.w.SpringBootMockServletContext : Initializing Spring TestDispatcherServlet ''
2024-02-13T21:17:45.974-05:00  INFO 97673 --- [           main] o.s.t.web.servlet.TestDispatcherServlet  : Initializing Servlet ''
2024-02-13T21:17:45.975-05:00  INFO 97673 --- [           main] o.s.t.web.servlet.TestDispatcherServlet  : Completed initialization in 1 ms
2024-02-13T21:17:45.977-05:00  INFO 97673 --- [           main] c.s.p.c.AuthorControllerIntegrationTest  : Started AuthorControllerIntegrationTest in 0.146 seconds (process running for 7.042)
2024-02-13T21:17:45.984-05:00  INFO 97673 --- [           main] j.LocalContainerEntityManagerFactoryBean : Closing JPA EntityManagerFactory for persistence unit 'default'
2024-02-13T21:17:45.985-05:00  INFO 97673 --- [           main] com.zaxxer.hikari.HikariDataSource       : HikariPool-20 - Shutdown initiated...
2024-02-13T21:17:45.985-05:00  INFO 97673 --- [           main] com.zaxxer.hikari.HikariDataSource       : HikariPool-20 - Shutdown completed.
]]></system-out>
  </testcase>
  <testcase name="testThatGetByIdReturnsAuthorWhenAuthorExist" classname="com.stelnikov.postgresjpa.controller.AuthorControllerIntegrationTest" time="0.008">
    <system-out><![CDATA[
  .   ____          _            __ _ _
 /\\ / ___'_ __ _ _(_)_ __  __ _ \ \ \ \
( ( )\___ | '_ | '_| | '_ \/ _` | \ \ \ \
 \\/  ___)| |_)| | | | | || (_| |  ) ) ) )
  '  |____| .__|_| |_|_| |_\__, | / / / /
 =========|_|==============|___/=/_/_/_/
 :: Spring Boot ::                (v3.2.2)

2024-02-13T21:17:45.993-05:00  INFO 97673 --- [           main] c.s.p.c.AuthorControllerIntegrationTest  : Starting AuthorControllerIntegrationTest using Java 19.0.2 with PID 97673 (started by strelnikov in /Users/strelnikov/Documents/dev/my-java/Templates/postgres-jpa)
2024-02-13T21:17:45.993-05:00  INFO 97673 --- [           main] c.s.p.c.AuthorControllerIntegrationTest  : No active profile set, falling back to 1 default profile: "default"
2024-02-13T21:17:46.035-05:00  INFO 97673 --- [           main] .s.d.r.c.RepositoryConfigurationDelegate : Bootstrapping Spring Data JPA repositories in DEFAULT mode.
2024-02-13T21:17:46.039-05:00  INFO 97673 --- [           main] .s.d.r.c.RepositoryConfigurationDelegate : Finished Spring Data repository scanning in 3 ms. Found 2 JPA repository interfaces.
2024-02-13T21:17:46.059-05:00  INFO 97673 --- [           main] com.zaxxer.hikari.HikariDataSource       : HikariPool-21 - Starting...
2024-02-13T21:17:46.059-05:00  INFO 97673 --- [           main] com.zaxxer.hikari.pool.HikariPool        : HikariPool-21 - Added connection conn63: url=jdbc:h2:mem:testdb:MODE=PostgreSQL user=SA
2024-02-13T21:17:46.060-05:00  INFO 97673 --- [           main] com.zaxxer.hikari.HikariDataSource       : HikariPool-21 - Start completed.
2024-02-13T21:17:46.060-05:00  INFO 97673 --- [           main] o.hibernate.jpa.internal.util.LogHelper  : HHH000204: Processing PersistenceUnitInfo [name: default]
2024-02-13T21:17:46.061-05:00  INFO 97673 --- [           main] o.h.c.internal.RegionFactoryInitiator    : HHH000026: Second-level cache disabled
2024-02-13T21:17:46.062-05:00  INFO 97673 --- [           main] o.s.o.j.p.SpringPersistenceUnitInfo      : No LoadTimeWeaver setup: ignoring JPA class transformer
2024-02-13T21:17:46.073-05:00  INFO 97673 --- [           main] o.h.e.t.j.p.i.JtaPlatformInitiator       : HHH000489: No JTA platform available (set 'hibernate.transaction.jta.platform' to enable JTA platform integration)
2024-02-13T21:17:46.075-05:00  INFO 97673 --- [           main] j.LocalContainerEntityManagerFactoryBean : Initialized JPA EntityManagerFactory for persistence unit 'default'
2024-02-13T21:17:46.095-05:00  WARN 97673 --- [           main] JpaBaseConfiguration$JpaWebConfiguration : spring.jpa.open-in-view is enabled by default. Therefore, database queries may be performed during view rendering. Explicitly configure spring.jpa.open-in-view to disable this warning
2024-02-13T21:17:46.121-05:00  INFO 97673 --- [           main] o.s.b.t.m.w.SpringBootMockServletContext : Initializing Spring TestDispatcherServlet ''
2024-02-13T21:17:46.121-05:00  INFO 97673 --- [           main] o.s.t.web.servlet.TestDispatcherServlet  : Initializing Servlet ''
2024-02-13T21:17:46.121-05:00  INFO 97673 --- [           main] o.s.t.web.servlet.TestDispatcherServlet  : Completed initialization in 0 ms
2024-02-13T21:17:46.124-05:00  INFO 97673 --- [           main] c.s.p.c.AuthorControllerIntegrationTest  : Started AuthorControllerIntegrationTest in 0.138 seconds (process running for 7.189)
2024-02-13T21:17:46.132-05:00  INFO 97673 --- [           main] j.LocalContainerEntityManagerFactoryBean : Closing JPA EntityManagerFactory for persistence unit 'default'
2024-02-13T21:17:46.132-05:00  INFO 97673 --- [           main] com.zaxxer.hikari.HikariDataSource       : HikariPool-21 - Shutdown initiated...
2024-02-13T21:17:46.133-05:00  INFO 97673 --- [           main] com.zaxxer.hikari.HikariDataSource       : HikariPool-21 - Shutdown completed.
]]></system-out>
  </testcase>
  <testcase name="testThatCreateAuthorSuccessfullyReturnsSavedAuthor" classname="com.stelnikov.postgresjpa.controller.AuthorControllerIntegrationTest" time="0.007">
    <system-out><![CDATA[
  .   ____          _            __ _ _
 /\\ / ___'_ __ _ _(_)_ __  __ _ \ \ \ \
( ( )\___ | '_ | '_| | '_ \/ _` | \ \ \ \
 \\/  ___)| |_)| | | | | || (_| |  ) ) ) )
  '  |____| .__|_| |_|_| |_\__, | / / / /
 =========|_|==============|___/=/_/_/_/
 :: Spring Boot ::                (v3.2.2)

2024-02-13T21:17:46.141-05:00  INFO 97673 --- [           main] c.s.p.c.AuthorControllerIntegrationTest  : Starting AuthorControllerIntegrationTest using Java 19.0.2 with PID 97673 (started by strelnikov in /Users/strelnikov/Documents/dev/my-java/Templates/postgres-jpa)
2024-02-13T21:17:46.141-05:00  INFO 97673 --- [           main] c.s.p.c.AuthorControllerIntegrationTest  : No active profile set, falling back to 1 default profile: "default"
2024-02-13T21:17:46.186-05:00  INFO 97673 --- [           main] .s.d.r.c.RepositoryConfigurationDelegate : Bootstrapping Spring Data JPA repositories in DEFAULT mode.
2024-02-13T21:17:46.189-05:00  INFO 97673 --- [           main] .s.d.r.c.RepositoryConfigurationDelegate : Finished Spring Data repository scanning in 3 ms. Found 2 JPA repository interfaces.
2024-02-13T21:17:46.211-05:00  INFO 97673 --- [           main] com.zaxxer.hikari.HikariDataSource       : HikariPool-22 - Starting...
2024-02-13T21:17:46.211-05:00  INFO 97673 --- [           main] com.zaxxer.hikari.pool.HikariPool        : HikariPool-22 - Added connection conn64: url=jdbc:h2:mem:testdb:MODE=PostgreSQL user=SA
2024-02-13T21:17:46.211-05:00  INFO 97673 --- [           main] com.zaxxer.hikari.HikariDataSource       : HikariPool-22 - Start completed.
2024-02-13T21:17:46.211-05:00  INFO 97673 --- [           main] o.hibernate.jpa.internal.util.LogHelper  : HHH000204: Processing PersistenceUnitInfo [name: default]
2024-02-13T21:17:46.212-05:00  INFO 97673 --- [           main] o.h.c.internal.RegionFactoryInitiator    : HHH000026: Second-level cache disabled
2024-02-13T21:17:46.213-05:00  INFO 97673 --- [           main] o.s.o.j.p.SpringPersistenceUnitInfo      : No LoadTimeWeaver setup: ignoring JPA class transformer
2024-02-13T21:17:46.226-05:00  INFO 97673 --- [           main] o.h.e.t.j.p.i.JtaPlatformInitiator       : HHH000489: No JTA platform available (set 'hibernate.transaction.jta.platform' to enable JTA platform integration)
2024-02-13T21:17:46.228-05:00  INFO 97673 --- [           main] j.LocalContainerEntityManagerFactoryBean : Initialized JPA EntityManagerFactory for persistence unit 'default'
2024-02-13T21:17:46.252-05:00  WARN 97673 --- [           main] JpaBaseConfiguration$JpaWebConfiguration : spring.jpa.open-in-view is enabled by default. Therefore, database queries may be performed during view rendering. Explicitly configure spring.jpa.open-in-view to disable this warning
2024-02-13T21:17:46.276-05:00  INFO 97673 --- [           main] o.s.b.t.m.w.SpringBootMockServletContext : Initializing Spring TestDispatcherServlet ''
2024-02-13T21:17:46.276-05:00  INFO 97673 --- [           main] o.s.t.web.servlet.TestDispatcherServlet  : Initializing Servlet ''
2024-02-13T21:17:46.276-05:00  INFO 97673 --- [           main] o.s.t.web.servlet.TestDispatcherServlet  : Completed initialization in 0 ms
2024-02-13T21:17:46.279-05:00  INFO 97673 --- [           main] c.s.p.c.AuthorControllerIntegrationTest  : Started AuthorControllerIntegrationTest in 0.145 seconds (process running for 7.344)
2024-02-13T21:17:46.286-05:00  INFO 97673 --- [           main] j.LocalContainerEntityManagerFactoryBean : Closing JPA EntityManagerFactory for persistence unit 'default'
2024-02-13T21:17:46.287-05:00  INFO 97673 --- [           main] com.zaxxer.hikari.HikariDataSource       : HikariPool-22 - Shutdown initiated...
2024-02-13T21:17:46.287-05:00  INFO 97673 --- [           main] com.zaxxer.hikari.HikariDataSource       : HikariPool-22 - Shutdown completed.
]]></system-out>
  </testcase>
</testsuite>