<?xml version="1.0" encoding="UTF-8"?>
<testsuite xmlns:xsi="http://www.w3.org/2001/XMLSchema-instance" xsi:noNamespaceSchemaLocation="https://maven.apache.org/surefire/maven-surefire-plugin/xsd/surefire-test-report-3.0.xsd" version="3.0" name="com.stelnikov.postgresjpa.repository.BookRepositoryIntegrationTest" time="0.559" tests="3" errors="0" skipped="0" failures="0">
  <properties>
[...]
</properties>
  <testcase name="testThatBookCanBeUpdated" classname="com.stelnikov.postgresjpa.repository.BookRepositoryIntegrationTest" time="0.012">
    <system-out><![CDATA[2024-02-09T23:35:44.300-05:00  INFO 43483 --- [           main] t.c.s.AnnotationConfigContextLoaderUtils : Could not detect default configuration classes for test class [com.stelnikov.postgresjpa.repository.BookRepositoryIntegrationTest]: BookRepositoryIntegrationTest does not declare any static, non-private, non-final, nested classes annotated with @Configuration.
2024-02-09T23:35:44.301-05:00  INFO 43483 --- [           main] .b.t.c.SpringBootTestContextBootstrapper : Found @SpringBootConfiguration com.stelnikov.postgresjpa.PostgresJpaApplication for test class com.stelnikov.postgresjpa.repository.BookRepositoryIntegrationTest

  .   ____          _            __ _ _
 /\\ / ___'_ __ _ _(_)_ __  __ _ \ \ \ \
( ( )\___ | '_ | '_| | '_ \/ _` | \ \ \ \
 \\/  ___)| |_)| | | | | || (_| |  ) ) ) )
  '  |____| .__|_| |_|_| |_\__, | / / / /
 =========|_|==============|___/=/_/_/_/
 :: Spring Boot ::                (v3.2.2)

2024-02-09T23:35:44.311-05:00  INFO 43483 --- [           main] c.s.p.r.BookRepositoryIntegrationTest    : Starting BookRepositoryIntegrationTest using Java 19.0.2 with PID 43483 (started by strelnikov in /Users/strelnikov/Documents/dev/my-java/Templates/postgres-jpa)
2024-02-09T23:35:44.311-05:00  INFO 43483 --- [           main] c.s.p.r.BookRepositoryIntegrationTest    : No active profile set, falling back to 1 default profile: "default"
2024-02-09T23:35:44.362-05:00  INFO 43483 --- [           main] .s.d.r.c.RepositoryConfigurationDelegate : Bootstrapping Spring Data JPA repositories in DEFAULT mode.
2024-02-09T23:35:44.367-05:00  INFO 43483 --- [           main] .s.d.r.c.RepositoryConfigurationDelegate : Finished Spring Data repository scanning in 4 ms. Found 2 JPA repository interfaces.
2024-02-09T23:35:44.393-05:00  INFO 43483 --- [           main] com.zaxxer.hikari.HikariDataSource       : HikariPool-5 - Starting...
2024-02-09T23:35:44.395-05:00  INFO 43483 --- [           main] com.zaxxer.hikari.pool.HikariPool        : HikariPool-5 - Added connection conn22: url=jdbc:h2:mem:testdb:MODE=PostgreSQL user=SA
2024-02-09T23:35:44.395-05:00  INFO 43483 --- [           main] com.zaxxer.hikari.HikariDataSource       : HikariPool-5 - Start completed.
2024-02-09T23:35:44.395-05:00  INFO 43483 --- [           main] o.hibernate.jpa.internal.util.LogHelper  : HHH000204: Processing PersistenceUnitInfo [name: default]
2024-02-09T23:35:44.396-05:00  INFO 43483 --- [           main] o.h.c.internal.RegionFactoryInitiator    : HHH000026: Second-level cache disabled
2024-02-09T23:35:44.397-05:00  INFO 43483 --- [           main] o.s.o.j.p.SpringPersistenceUnitInfo      : No LoadTimeWeaver setup: ignoring JPA class transformer
2024-02-09T23:35:44.414-05:00  INFO 43483 --- [           main] o.h.e.t.j.p.i.JtaPlatformInitiator       : HHH000489: No JTA platform available (set 'hibernate.transaction.jta.platform' to enable JTA platform integration)
2024-02-09T23:35:44.416-05:00  INFO 43483 --- [           main] j.LocalContainerEntityManagerFactoryBean : Initialized JPA EntityManagerFactory for persistence unit 'default'
2024-02-09T23:35:44.448-05:00  WARN 43483 --- [           main] JpaBaseConfiguration$JpaWebConfiguration : spring.jpa.open-in-view is enabled by default. Therefore, database queries may be performed during view rendering. Explicitly configure spring.jpa.open-in-view to disable this warning
2024-02-09T23:35:44.483-05:00  INFO 43483 --- [           main] c.s.p.r.BookRepositoryIntegrationTest    : Started BookRepositoryIntegrationTest in 0.181 seconds (process running for 3.996)
2024-02-09T23:35:44.495-05:00  INFO 43483 --- [           main] j.LocalContainerEntityManagerFactoryBean : Closing JPA EntityManagerFactory for persistence unit 'default'
2024-02-09T23:35:44.496-05:00  INFO 43483 --- [           main] com.zaxxer.hikari.HikariDataSource       : HikariPool-5 - Shutdown initiated...
2024-02-09T23:35:44.497-05:00  INFO 43483 --- [           main] com.zaxxer.hikari.HikariDataSource       : HikariPool-5 - Shutdown completed.
]]></system-out>
  </testcase>
  <testcase name="testThatBookCanBeCreatedAndRecalled" classname="com.stelnikov.postgresjpa.repository.BookRepositoryIntegrationTest" time="0.008">
    <system-out><![CDATA[
  .   ____          _            __ _ _
 /\\ / ___'_ __ _ _(_)_ __  __ _ \ \ \ \
( ( )\___ | '_ | '_| | '_ \/ _` | \ \ \ \
 \\/  ___)| |_)| | | | | || (_| |  ) ) ) )
  '  |____| .__|_| |_|_| |_\__, | / / / /
 =========|_|==============|___/=/_/_/_/
 :: Spring Boot ::                (v3.2.2)

2024-02-09T23:35:44.507-05:00  INFO 43483 --- [           main] c.s.p.r.BookRepositoryIntegrationTest    : Starting BookRepositoryIntegrationTest using Java 19.0.2 with PID 43483 (started by strelnikov in /Users/strelnikov/Documents/dev/my-java/Templates/postgres-jpa)
2024-02-09T23:35:44.507-05:00  INFO 43483 --- [           main] c.s.p.r.BookRepositoryIntegrationTest    : No active profile set, falling back to 1 default profile: "default"
2024-02-09T23:35:44.561-05:00  INFO 43483 --- [           main] .s.d.r.c.RepositoryConfigurationDelegate : Bootstrapping Spring Data JPA repositories in DEFAULT mode.
2024-02-09T23:35:44.565-05:00  INFO 43483 --- [           main] .s.d.r.c.RepositoryConfigurationDelegate : Finished Spring Data repository scanning in 4 ms. Found 2 JPA repository interfaces.
2024-02-09T23:35:44.590-05:00  INFO 43483 --- [           main] com.zaxxer.hikari.HikariDataSource       : HikariPool-6 - Starting...
2024-02-09T23:35:44.591-05:00  INFO 43483 --- [           main] com.zaxxer.hikari.pool.HikariPool        : HikariPool-6 - Added connection conn23: url=jdbc:h2:mem:testdb:MODE=PostgreSQL user=SA
2024-02-09T23:35:44.591-05:00  INFO 43483 --- [           main] com.zaxxer.hikari.HikariDataSource       : HikariPool-6 - Start completed.
2024-02-09T23:35:44.592-05:00  INFO 43483 --- [           main] o.hibernate.jpa.internal.util.LogHelper  : HHH000204: Processing PersistenceUnitInfo [name: default]
2024-02-09T23:35:44.593-05:00  INFO 43483 --- [           main] o.h.c.internal.RegionFactoryInitiator    : HHH000026: Second-level cache disabled
2024-02-09T23:35:44.594-05:00  INFO 43483 --- [           main] o.s.o.j.p.SpringPersistenceUnitInfo      : No LoadTimeWeaver setup: ignoring JPA class transformer
2024-02-09T23:35:44.611-05:00  INFO 43483 --- [           main] o.h.e.t.j.p.i.JtaPlatformInitiator       : HHH000489: No JTA platform available (set 'hibernate.transaction.jta.platform' to enable JTA platform integration)
2024-02-09T23:35:44.613-05:00  INFO 43483 --- [           main] j.LocalContainerEntityManagerFactoryBean : Initialized JPA EntityManagerFactory for persistence unit 'default'
2024-02-09T23:35:44.643-05:00  WARN 43483 --- [           main] JpaBaseConfiguration$JpaWebConfiguration : spring.jpa.open-in-view is enabled by default. Therefore, database queries may be performed during view rendering. Explicitly configure spring.jpa.open-in-view to disable this warning
2024-02-09T23:35:44.674-05:00  INFO 43483 --- [           main] c.s.p.r.BookRepositoryIntegrationTest    : Started BookRepositoryIntegrationTest in 0.176 seconds (process running for 4.186)
2024-02-09T23:35:44.682-05:00  INFO 43483 --- [           main] j.LocalContainerEntityManagerFactoryBean : Closing JPA EntityManagerFactory for persistence unit 'default'
2024-02-09T23:35:44.683-05:00  INFO 43483 --- [           main] com.zaxxer.hikari.HikariDataSource       : HikariPool-6 - Shutdown initiated...
2024-02-09T23:35:44.683-05:00  INFO 43483 --- [           main] com.zaxxer.hikari.HikariDataSource       : HikariPool-6 - Shutdown completed.
]]></system-out>
  </testcase>
  <testcase name="testThatBookCanBeDeleted" classname="com.stelnikov.postgresjpa.repository.BookRepositoryIntegrationTest" time="0.011">
    <system-out><![CDATA[
  .   ____          _            __ _ _
 /\\ / ___'_ __ _ _(_)_ __  __ _ \ \ \ \
( ( )\___ | '_ | '_| | '_ \/ _` | \ \ \ \
 \\/  ___)| |_)| | | | | || (_| |  ) ) ) )
  '  |____| .__|_| |_|_| |_\__, | / / / /
 =========|_|==============|___/=/_/_/_/
 :: Spring Boot ::                (v3.2.2)

2024-02-09T23:35:44.692-05:00  INFO 43483 --- [           main] c.s.p.r.BookRepositoryIntegrationTest    : Starting BookRepositoryIntegrationTest using Java 19.0.2 with PID 43483 (started by strelnikov in /Users/strelnikov/Documents/dev/my-java/Templates/postgres-jpa)
2024-02-09T23:35:44.692-05:00  INFO 43483 --- [           main] c.s.p.r.BookRepositoryIntegrationTest    : No active profile set, falling back to 1 default profile: "default"
2024-02-09T23:35:44.738-05:00  INFO 43483 --- [           main] .s.d.r.c.RepositoryConfigurationDelegate : Bootstrapping Spring Data JPA repositories in DEFAULT mode.
2024-02-09T23:35:44.742-05:00  INFO 43483 --- [           main] .s.d.r.c.RepositoryConfigurationDelegate : Finished Spring Data repository scanning in 3 ms. Found 2 JPA repository interfaces.
2024-02-09T23:35:44.765-05:00  INFO 43483 --- [           main] com.zaxxer.hikari.HikariDataSource       : HikariPool-7 - Starting...
2024-02-09T23:35:44.767-05:00  INFO 43483 --- [           main] com.zaxxer.hikari.pool.HikariPool        : HikariPool-7 - Added connection conn24: url=jdbc:h2:mem:testdb:MODE=PostgreSQL user=SA
2024-02-09T23:35:44.767-05:00  INFO 43483 --- [           main] com.zaxxer.hikari.HikariDataSource       : HikariPool-7 - Start completed.
2024-02-09T23:35:44.767-05:00  INFO 43483 --- [           main] o.hibernate.jpa.internal.util.LogHelper  : HHH000204: Processing PersistenceUnitInfo [name: default]
2024-02-09T23:35:44.768-05:00  INFO 43483 --- [           main] o.h.c.internal.RegionFactoryInitiator    : HHH000026: Second-level cache disabled
2024-02-09T23:35:44.769-05:00  INFO 43483 --- [           main] o.s.o.j.p.SpringPersistenceUnitInfo      : No LoadTimeWeaver setup: ignoring JPA class transformer
2024-02-09T23:35:44.784-05:00  INFO 43483 --- [           main] o.h.e.t.j.p.i.JtaPlatformInitiator       : HHH000489: No JTA platform available (set 'hibernate.transaction.jta.platform' to enable JTA platform integration)
2024-02-09T23:35:44.786-05:00  INFO 43483 --- [           main] j.LocalContainerEntityManagerFactoryBean : Initialized JPA EntityManagerFactory for persistence unit 'default'
2024-02-09T23:35:44.812-05:00  WARN 43483 --- [           main] JpaBaseConfiguration$JpaWebConfiguration : spring.jpa.open-in-view is enabled by default. Therefore, database queries may be performed during view rendering. Explicitly configure spring.jpa.open-in-view to disable this warning
2024-02-09T23:35:44.846-05:00  INFO 43483 --- [           main] c.s.p.r.BookRepositoryIntegrationTest    : Started BookRepositoryIntegrationTest in 0.162 seconds (process running for 4.358)
2024-02-09T23:35:44.857-05:00  INFO 43483 --- [           main] j.LocalContainerEntityManagerFactoryBean : Closing JPA EntityManagerFactory for persistence unit 'default'
2024-02-09T23:35:44.857-05:00  INFO 43483 --- [           main] com.zaxxer.hikari.HikariDataSource       : HikariPool-7 - Shutdown initiated...
2024-02-09T23:35:44.858-05:00  INFO 43483 --- [           main] com.zaxxer.hikari.HikariDataSource       : HikariPool-7 - Shutdown completed.
]]></system-out>
  </testcase>
</testsuite>