<?xml version="1.0" encoding="UTF-8"?>
<testsuite xmlns:xsi="http://www.w3.org/2001/XMLSchema-instance" xsi:noNamespaceSchemaLocation="https://maven.apache.org/surefire/maven-surefire-plugin/xsd/surefire-test-report-3.0.xsd" version="3.0" name="com.stelnikov.postgresjpa.controller.AuthorControllerIntegrationTest" time="2.769" tests="14" errors="0" skipped="0" failures="0">
  <properties>
[...]
</properties>
  <testcase name="testThatFullUpdateUpdatesExistingAuthor" classname="com.stelnikov.postgresjpa.controller.AuthorControllerIntegrationTest" time="0.433">
    <system-out><![CDATA[2024-02-09T23:09:43.638-05:00  INFO 42858 --- [           main] t.c.s.AnnotationConfigContextLoaderUtils : Could not detect default configuration classes for test class [com.stelnikov.postgresjpa.controller.AuthorControllerIntegrationTest]: AuthorControllerIntegrationTest does not declare any static, non-private, non-final, nested classes annotated with @Configuration.
2024-02-09T23:09:43.644-05:00  INFO 42858 --- [           main] .b.t.c.SpringBootTestContextBootstrapper : Found @SpringBootConfiguration com.stelnikov.postgresjpa.PostgresJpaApplication for test class com.stelnikov.postgresjpa.controller.AuthorControllerIntegrationTest

  .   ____          _            __ _ _
 /\\ / ___'_ __ _ _(_)_ __  __ _ \ \ \ \
( ( )\___ | '_ | '_| | '_ \/ _` | \ \ \ \
 \\/  ___)| |_)| | | | | || (_| |  ) ) ) )
  '  |____| .__|_| |_|_| |_\__, | / / / /
 =========|_|==============|___/=/_/_/_/
 :: Spring Boot ::                (v3.2.2)

2024-02-09T23:09:43.652-05:00  INFO 42858 --- [           main] c.s.p.c.AuthorControllerIntegrationTest  : Starting AuthorControllerIntegrationTest using Java 19.0.2 with PID 42858 (started by strelnikov in /Users/strelnikov/Documents/dev/my-java/Templates/postgres-jpa)
2024-02-09T23:09:43.652-05:00  INFO 42858 --- [           main] c.s.p.c.AuthorControllerIntegrationTest  : No active profile set, falling back to 1 default profile: "default"
2024-02-09T23:09:43.704-05:00  INFO 42858 --- [           main] .s.d.r.c.RepositoryConfigurationDelegate : Bootstrapping Spring Data JPA repositories in DEFAULT mode.
2024-02-09T23:09:43.708-05:00  INFO 42858 --- [           main] .s.d.r.c.RepositoryConfigurationDelegate : Finished Spring Data repository scanning in 3 ms. Found 2 JPA repository interfaces.
2024-02-09T23:09:43.737-05:00  INFO 42858 --- [           main] com.zaxxer.hikari.HikariDataSource       : HikariPool-9 - Starting...
2024-02-09T23:09:43.738-05:00  INFO 42858 --- [           main] com.zaxxer.hikari.pool.HikariPool        : HikariPool-9 - Added connection conn35: url=jdbc:h2:mem:testdb:MODE=PostgreSQL user=SA
2024-02-09T23:09:43.738-05:00  INFO 42858 --- [           main] com.zaxxer.hikari.HikariDataSource       : HikariPool-9 - Start completed.
2024-02-09T23:09:43.738-05:00  INFO 42858 --- [           main] o.hibernate.jpa.internal.util.LogHelper  : HHH000204: Processing PersistenceUnitInfo [name: default]
2024-02-09T23:09:43.739-05:00  INFO 42858 --- [           main] o.h.c.internal.RegionFactoryInitiator    : HHH000026: Second-level cache disabled
2024-02-09T23:09:43.740-05:00  INFO 42858 --- [           main] o.s.o.j.p.SpringPersistenceUnitInfo      : No LoadTimeWeaver setup: ignoring JPA class transformer
2024-02-09T23:09:43.755-05:00  INFO 42858 --- [           main] o.h.e.t.j.p.i.JtaPlatformInitiator       : HHH000489: No JTA platform available (set 'hibernate.transaction.jta.platform' to enable JTA platform integration)
2024-02-09T23:09:43.758-05:00  INFO 42858 --- [           main] j.LocalContainerEntityManagerFactoryBean : Initialized JPA EntityManagerFactory for persistence unit 'default'
2024-02-09T23:09:43.789-05:00  WARN 42858 --- [           main] JpaBaseConfiguration$JpaWebConfiguration : spring.jpa.open-in-view is enabled by default. Therefore, database queries may be performed during view rendering. Explicitly configure spring.jpa.open-in-view to disable this warning
2024-02-09T23:09:43.839-05:00  INFO 42858 --- [           main] o.s.b.t.m.w.SpringBootMockServletContext : Initializing Spring TestDispatcherServlet ''
2024-02-09T23:09:43.839-05:00  INFO 42858 --- [           main] o.s.t.web.servlet.TestDispatcherServlet  : Initializing Servlet ''
2024-02-09T23:09:43.840-05:00  INFO 42858 --- [           main] o.s.t.web.servlet.TestDispatcherServlet  : Completed initialization in 0 ms
2024-02-09T23:09:43.844-05:00  INFO 42858 --- [           main] c.s.p.c.AuthorControllerIntegrationTest  : Started AuthorControllerIntegrationTest in 0.199 seconds (process running for 4.764)
2024-02-09T23:09:44.276-05:00  INFO 42858 --- [           main] j.LocalContainerEntityManagerFactoryBean : Closing JPA EntityManagerFactory for persistence unit 'default'
2024-02-09T23:09:44.277-05:00  INFO 42858 --- [           main] com.zaxxer.hikari.HikariDataSource       : HikariPool-9 - Shutdown initiated...
2024-02-09T23:09:44.277-05:00  INFO 42858 --- [           main] com.zaxxer.hikari.HikariDataSource       : HikariPool-9 - Shutdown completed.
]]></system-out>
  </testcase>
  <testcase name="testThatPartialUpdateExistingAuthorReturnsUpdatedAuthor" classname="com.stelnikov.postgresjpa.controller.AuthorControllerIntegrationTest" time="0.018">
    <system-out><![CDATA[
  .   ____          _            __ _ _
 /\\ / ___'_ __ _ _(_)_ __  __ _ \ \ \ \
( ( )\___ | '_ | '_| | '_ \/ _` | \ \ \ \
 \\/  ___)| |_)| | | | | || (_| |  ) ) ) )
  '  |____| .__|_| |_|_| |_\__, | / / / /
 =========|_|==============|___/=/_/_/_/
 :: Spring Boot ::                (v3.2.2)

2024-02-09T23:09:44.288-05:00  INFO 42858 --- [           main] c.s.p.c.AuthorControllerIntegrationTest  : Starting AuthorControllerIntegrationTest using Java 19.0.2 with PID 42858 (started by strelnikov in /Users/strelnikov/Documents/dev/my-java/Templates/postgres-jpa)
2024-02-09T23:09:44.288-05:00  INFO 42858 --- [           main] c.s.p.c.AuthorControllerIntegrationTest  : No active profile set, falling back to 1 default profile: "default"
2024-02-09T23:09:44.346-05:00  INFO 42858 --- [           main] .s.d.r.c.RepositoryConfigurationDelegate : Bootstrapping Spring Data JPA repositories in DEFAULT mode.
2024-02-09T23:09:44.355-05:00  INFO 42858 --- [           main] .s.d.r.c.RepositoryConfigurationDelegate : Finished Spring Data repository scanning in 9 ms. Found 2 JPA repository interfaces.
2024-02-09T23:09:44.380-05:00  INFO 42858 --- [           main] com.zaxxer.hikari.HikariDataSource       : HikariPool-10 - Starting...
2024-02-09T23:09:44.380-05:00  INFO 42858 --- [           main] com.zaxxer.hikari.pool.HikariPool        : HikariPool-10 - Added connection conn47: url=jdbc:h2:mem:testdb:MODE=PostgreSQL user=SA
2024-02-09T23:09:44.381-05:00  INFO 42858 --- [           main] com.zaxxer.hikari.HikariDataSource       : HikariPool-10 - Start completed.
2024-02-09T23:09:44.381-05:00  INFO 42858 --- [           main] o.hibernate.jpa.internal.util.LogHelper  : HHH000204: Processing PersistenceUnitInfo [name: default]
2024-02-09T23:09:44.382-05:00  INFO 42858 --- [           main] o.h.c.internal.RegionFactoryInitiator    : HHH000026: Second-level cache disabled
2024-02-09T23:09:44.383-05:00  INFO 42858 --- [           main] o.s.o.j.p.SpringPersistenceUnitInfo      : No LoadTimeWeaver setup: ignoring JPA class transformer
2024-02-09T23:09:44.412-05:00  INFO 42858 --- [           main] o.h.e.t.j.p.i.JtaPlatformInitiator       : HHH000489: No JTA platform available (set 'hibernate.transaction.jta.platform' to enable JTA platform integration)
2024-02-09T23:09:44.414-05:00  INFO 42858 --- [           main] j.LocalContainerEntityManagerFactoryBean : Initialized JPA EntityManagerFactory for persistence unit 'default'
2024-02-09T23:09:44.445-05:00  WARN 42858 --- [           main] JpaBaseConfiguration$JpaWebConfiguration : spring.jpa.open-in-view is enabled by default. Therefore, database queries may be performed during view rendering. Explicitly configure spring.jpa.open-in-view to disable this warning
2024-02-09T23:09:44.477-05:00  INFO 42858 --- [           main] o.s.b.t.m.w.SpringBootMockServletContext : Initializing Spring TestDispatcherServlet ''
2024-02-09T23:09:44.477-05:00  INFO 42858 --- [           main] o.s.t.web.servlet.TestDispatcherServlet  : Initializing Servlet ''
2024-02-09T23:09:44.477-05:00  INFO 42858 --- [           main] o.s.t.web.servlet.TestDispatcherServlet  : Completed initialization in 0 ms
2024-02-09T23:09:44.480-05:00  INFO 42858 --- [           main] c.s.p.c.AuthorControllerIntegrationTest  : Started AuthorControllerIntegrationTest in 0.202 seconds (process running for 5.4)
2024-02-09T23:09:44.492-05:00  INFO 42858 --- [           main] j.LocalContainerEntityManagerFactoryBean : Closing JPA EntityManagerFactory for persistence unit 'default'
2024-02-09T23:09:44.493-05:00  INFO 42858 --- [           main] com.zaxxer.hikari.HikariDataSource       : HikariPool-10 - Shutdown initiated...
2024-02-09T23:09:44.499-05:00  INFO 42858 --- [           main] com.zaxxer.hikari.HikariDataSource       : HikariPool-10 - Shutdown completed.
]]></system-out>
  </testcase>
  <testcase name="testThatDeleteSuccessfullyReturnHttp204ForExistingAuthor" classname="com.stelnikov.postgresjpa.controller.AuthorControllerIntegrationTest" time="0.009">
    <system-out><![CDATA[
  .   ____          _            __ _ _
 /\\ / ___'_ __ _ _(_)_ __  __ _ \ \ \ \
( ( )\___ | '_ | '_| | '_ \/ _` | \ \ \ \
 \\/  ___)| |_)| | | | | || (_| |  ) ) ) )
  '  |____| .__|_| |_|_| |_\__, | / / / /
 =========|_|==============|___/=/_/_/_/
 :: Spring Boot ::                (v3.2.2)

2024-02-09T23:09:44.507-05:00  INFO 42858 --- [           main] c.s.p.c.AuthorControllerIntegrationTest  : Starting AuthorControllerIntegrationTest using Java 19.0.2 with PID 42858 (started by strelnikov in /Users/strelnikov/Documents/dev/my-java/Templates/postgres-jpa)
2024-02-09T23:09:44.508-05:00  INFO 42858 --- [           main] c.s.p.c.AuthorControllerIntegrationTest  : No active profile set, falling back to 1 default profile: "default"
2024-02-09T23:09:44.555-05:00  INFO 42858 --- [           main] .s.d.r.c.RepositoryConfigurationDelegate : Bootstrapping Spring Data JPA repositories in DEFAULT mode.
2024-02-09T23:09:44.561-05:00  INFO 42858 --- [           main] .s.d.r.c.RepositoryConfigurationDelegate : Finished Spring Data repository scanning in 5 ms. Found 2 JPA repository interfaces.
2024-02-09T23:09:44.584-05:00  INFO 42858 --- [           main] com.zaxxer.hikari.HikariDataSource       : HikariPool-11 - Starting...
2024-02-09T23:09:44.584-05:00  INFO 42858 --- [           main] com.zaxxer.hikari.pool.HikariPool        : HikariPool-11 - Added connection conn49: url=jdbc:h2:mem:testdb:MODE=PostgreSQL user=SA
2024-02-09T23:09:44.585-05:00  INFO 42858 --- [           main] com.zaxxer.hikari.HikariDataSource       : HikariPool-11 - Start completed.
2024-02-09T23:09:44.585-05:00  INFO 42858 --- [           main] o.hibernate.jpa.internal.util.LogHelper  : HHH000204: Processing PersistenceUnitInfo [name: default]
2024-02-09T23:09:44.586-05:00  INFO 42858 --- [           main] o.h.c.internal.RegionFactoryInitiator    : HHH000026: Second-level cache disabled
2024-02-09T23:09:44.587-05:00  INFO 42858 --- [           main] o.s.o.j.p.SpringPersistenceUnitInfo      : No LoadTimeWeaver setup: ignoring JPA class transformer
2024-02-09T23:09:44.602-05:00  INFO 42858 --- [           main] o.h.e.t.j.p.i.JtaPlatformInitiator       : HHH000489: No JTA platform available (set 'hibernate.transaction.jta.platform' to enable JTA platform integration)
2024-02-09T23:09:44.604-05:00  INFO 42858 --- [           main] j.LocalContainerEntityManagerFactoryBean : Initialized JPA EntityManagerFactory for persistence unit 'default'
2024-02-09T23:09:44.629-05:00  WARN 42858 --- [           main] JpaBaseConfiguration$JpaWebConfiguration : spring.jpa.open-in-view is enabled by default. Therefore, database queries may be performed during view rendering. Explicitly configure spring.jpa.open-in-view to disable this warning
2024-02-09T23:09:44.656-05:00  INFO 42858 --- [           main] o.s.b.t.m.w.SpringBootMockServletContext : Initializing Spring TestDispatcherServlet ''
2024-02-09T23:09:44.656-05:00  INFO 42858 --- [           main] o.s.t.web.servlet.TestDispatcherServlet  : Initializing Servlet ''
2024-02-09T23:09:44.656-05:00  INFO 42858 --- [           main] o.s.t.web.servlet.TestDispatcherServlet  : Completed initialization in 0 ms
2024-02-09T23:09:44.664-05:00  INFO 42858 --- [           main] c.s.p.c.AuthorControllerIntegrationTest  : Started AuthorControllerIntegrationTest in 0.164 seconds (process running for 5.584)
2024-02-09T23:09:44.673-05:00  INFO 42858 --- [           main] j.LocalContainerEntityManagerFactoryBean : Closing JPA EntityManagerFactory for persistence unit 'default'
2024-02-09T23:09:44.673-05:00  INFO 42858 --- [           main] com.zaxxer.hikari.HikariDataSource       : HikariPool-11 - Shutdown initiated...
2024-02-09T23:09:44.673-05:00  INFO 42858 --- [           main] com.zaxxer.hikari.HikariDataSource       : HikariPool-11 - Shutdown completed.
]]></system-out>
  </testcase>
  <testcase name="testThatGetAllReturnsHttpStatus200" classname="com.stelnikov.postgresjpa.controller.AuthorControllerIntegrationTest" time="0.008">
    <system-out><![CDATA[
  .   ____          _            __ _ _
 /\\ / ___'_ __ _ _(_)_ __  __ _ \ \ \ \
( ( )\___ | '_ | '_| | '_ \/ _` | \ \ \ \
 \\/  ___)| |_)| | | | | || (_| |  ) ) ) )
  '  |____| .__|_| |_|_| |_\__, | / / / /
 =========|_|==============|___/=/_/_/_/
 :: Spring Boot ::                (v3.2.2)

2024-02-09T23:09:44.681-05:00  INFO 42858 --- [           main] c.s.p.c.AuthorControllerIntegrationTest  : Starting AuthorControllerIntegrationTest using Java 19.0.2 with PID 42858 (started by strelnikov in /Users/strelnikov/Documents/dev/my-java/Templates/postgres-jpa)
2024-02-09T23:09:44.681-05:00  INFO 42858 --- [           main] c.s.p.c.AuthorControllerIntegrationTest  : No active profile set, falling back to 1 default profile: "default"
2024-02-09T23:09:44.725-05:00  INFO 42858 --- [           main] .s.d.r.c.RepositoryConfigurationDelegate : Bootstrapping Spring Data JPA repositories in DEFAULT mode.
2024-02-09T23:09:44.728-05:00  INFO 42858 --- [           main] .s.d.r.c.RepositoryConfigurationDelegate : Finished Spring Data repository scanning in 3 ms. Found 2 JPA repository interfaces.
2024-02-09T23:09:44.750-05:00  INFO 42858 --- [           main] com.zaxxer.hikari.HikariDataSource       : HikariPool-12 - Starting...
2024-02-09T23:09:44.750-05:00  INFO 42858 --- [           main] com.zaxxer.hikari.pool.HikariPool        : HikariPool-12 - Added connection conn50: url=jdbc:h2:mem:testdb:MODE=PostgreSQL user=SA
2024-02-09T23:09:44.751-05:00  INFO 42858 --- [           main] com.zaxxer.hikari.HikariDataSource       : HikariPool-12 - Start completed.
2024-02-09T23:09:44.751-05:00  INFO 42858 --- [           main] o.hibernate.jpa.internal.util.LogHelper  : HHH000204: Processing PersistenceUnitInfo [name: default]
2024-02-09T23:09:44.752-05:00  INFO 42858 --- [           main] o.h.c.internal.RegionFactoryInitiator    : HHH000026: Second-level cache disabled
2024-02-09T23:09:44.753-05:00  INFO 42858 --- [           main] o.s.o.j.p.SpringPersistenceUnitInfo      : No LoadTimeWeaver setup: ignoring JPA class transformer
2024-02-09T23:09:44.777-05:00  INFO 42858 --- [           main] o.h.e.t.j.p.i.JtaPlatformInitiator       : HHH000489: No JTA platform available (set 'hibernate.transaction.jta.platform' to enable JTA platform integration)
2024-02-09T23:09:44.779-05:00  INFO 42858 --- [           main] j.LocalContainerEntityManagerFactoryBean : Initialized JPA EntityManagerFactory for persistence unit 'default'
2024-02-09T23:09:44.801-05:00  WARN 42858 --- [           main] JpaBaseConfiguration$JpaWebConfiguration : spring.jpa.open-in-view is enabled by default. Therefore, database queries may be performed during view rendering. Explicitly configure spring.jpa.open-in-view to disable this warning
2024-02-09T23:09:44.827-05:00  INFO 42858 --- [           main] o.s.b.t.m.w.SpringBootMockServletContext : Initializing Spring TestDispatcherServlet ''
2024-02-09T23:09:44.827-05:00  INFO 42858 --- [           main] o.s.t.web.servlet.TestDispatcherServlet  : Initializing Servlet ''
2024-02-09T23:09:44.827-05:00  INFO 42858 --- [           main] o.s.t.web.servlet.TestDispatcherServlet  : Completed initialization in 0 ms
2024-02-09T23:09:44.830-05:00  INFO 42858 --- [           main] c.s.p.c.AuthorControllerIntegrationTest  : Started AuthorControllerIntegrationTest in 0.156 seconds (process running for 5.75)
2024-02-09T23:09:44.838-05:00  INFO 42858 --- [           main] j.LocalContainerEntityManagerFactoryBean : Closing JPA EntityManagerFactory for persistence unit 'default'
2024-02-09T23:09:44.838-05:00  INFO 42858 --- [           main] com.zaxxer.hikari.HikariDataSource       : HikariPool-12 - Shutdown initiated...
2024-02-09T23:09:44.838-05:00  INFO 42858 --- [           main] com.zaxxer.hikari.HikariDataSource       : HikariPool-12 - Shutdown completed.
]]></system-out>
  </testcase>
  <testcase name="testThatGetAllReturnsListOfAuthors" classname="com.stelnikov.postgresjpa.controller.AuthorControllerIntegrationTest" time="0.013">
    <system-out><![CDATA[
  .   ____          _            __ _ _
 /\\ / ___'_ __ _ _(_)_ __  __ _ \ \ \ \
( ( )\___ | '_ | '_| | '_ \/ _` | \ \ \ \
 \\/  ___)| |_)| | | | | || (_| |  ) ) ) )
  '  |____| .__|_| |_|_| |_\__, | / / / /
 =========|_|==============|___/=/_/_/_/
 :: Spring Boot ::                (v3.2.2)

2024-02-09T23:09:44.846-05:00  INFO 42858 --- [           main] c.s.p.c.AuthorControllerIntegrationTest  : Starting AuthorControllerIntegrationTest using Java 19.0.2 with PID 42858 (started by strelnikov in /Users/strelnikov/Documents/dev/my-java/Templates/postgres-jpa)
2024-02-09T23:09:44.846-05:00  INFO 42858 --- [           main] c.s.p.c.AuthorControllerIntegrationTest  : No active profile set, falling back to 1 default profile: "default"
2024-02-09T23:09:44.889-05:00  INFO 42858 --- [           main] .s.d.r.c.RepositoryConfigurationDelegate : Bootstrapping Spring Data JPA repositories in DEFAULT mode.
2024-02-09T23:09:44.893-05:00  INFO 42858 --- [           main] .s.d.r.c.RepositoryConfigurationDelegate : Finished Spring Data repository scanning in 3 ms. Found 2 JPA repository interfaces.
2024-02-09T23:09:44.914-05:00  INFO 42858 --- [           main] com.zaxxer.hikari.HikariDataSource       : HikariPool-13 - Starting...
2024-02-09T23:09:44.914-05:00  INFO 42858 --- [           main] com.zaxxer.hikari.pool.HikariPool        : HikariPool-13 - Added connection conn51: url=jdbc:h2:mem:testdb:MODE=PostgreSQL user=SA
2024-02-09T23:09:44.914-05:00  INFO 42858 --- [           main] com.zaxxer.hikari.HikariDataSource       : HikariPool-13 - Start completed.
2024-02-09T23:09:44.915-05:00  INFO 42858 --- [           main] o.hibernate.jpa.internal.util.LogHelper  : HHH000204: Processing PersistenceUnitInfo [name: default]
2024-02-09T23:09:44.916-05:00  INFO 42858 --- [           main] o.h.c.internal.RegionFactoryInitiator    : HHH000026: Second-level cache disabled
2024-02-09T23:09:44.917-05:00  INFO 42858 --- [           main] o.s.o.j.p.SpringPersistenceUnitInfo      : No LoadTimeWeaver setup: ignoring JPA class transformer
2024-02-09T23:09:44.933-05:00  INFO 42858 --- [           main] o.h.e.t.j.p.i.JtaPlatformInitiator       : HHH000489: No JTA platform available (set 'hibernate.transaction.jta.platform' to enable JTA platform integration)
2024-02-09T23:09:44.935-05:00  INFO 42858 --- [           main] j.LocalContainerEntityManagerFactoryBean : Initialized JPA EntityManagerFactory for persistence unit 'default'
2024-02-09T23:09:44.966-05:00  WARN 42858 --- [           main] JpaBaseConfiguration$JpaWebConfiguration : spring.jpa.open-in-view is enabled by default. Therefore, database queries may be performed during view rendering. Explicitly configure spring.jpa.open-in-view to disable this warning
2024-02-09T23:09:44.993-05:00  INFO 42858 --- [           main] o.s.b.t.m.w.SpringBootMockServletContext : Initializing Spring TestDispatcherServlet ''
2024-02-09T23:09:44.993-05:00  INFO 42858 --- [           main] o.s.t.web.servlet.TestDispatcherServlet  : Initializing Servlet ''
2024-02-09T23:09:44.993-05:00  INFO 42858 --- [           main] o.s.t.web.servlet.TestDispatcherServlet  : Completed initialization in 0 ms
2024-02-09T23:09:44.995-05:00  INFO 42858 --- [           main] c.s.p.c.AuthorControllerIntegrationTest  : Started AuthorControllerIntegrationTest in 0.156 seconds (process running for 5.916)
2024-02-09T23:09:45.007-05:00  INFO 42858 --- [           main] j.LocalContainerEntityManagerFactoryBean : Closing JPA EntityManagerFactory for persistence unit 'default'
2024-02-09T23:09:45.008-05:00  INFO 42858 --- [           main] com.zaxxer.hikari.HikariDataSource       : HikariPool-13 - Shutdown initiated...
2024-02-09T23:09:45.008-05:00  INFO 42858 --- [           main] com.zaxxer.hikari.HikariDataSource       : HikariPool-13 - Shutdown completed.
]]></system-out>
  </testcase>
  <testcase name="testThatCreateAuthorSuccessfullyReturnsHttp201Created" classname="com.stelnikov.postgresjpa.controller.AuthorControllerIntegrationTest" time="0.009">
    <system-out><![CDATA[
  .   ____          _            __ _ _
 /\\ / ___'_ __ _ _(_)_ __  __ _ \ \ \ \
( ( )\___ | '_ | '_| | '_ \/ _` | \ \ \ \
 \\/  ___)| |_)| | | | | || (_| |  ) ) ) )
  '  |____| .__|_| |_|_| |_\__, | / / / /
 =========|_|==============|___/=/_/_/_/
 :: Spring Boot ::                (v3.2.2)

2024-02-09T23:09:45.016-05:00  INFO 42858 --- [           main] c.s.p.c.AuthorControllerIntegrationTest  : Starting AuthorControllerIntegrationTest using Java 19.0.2 with PID 42858 (started by strelnikov in /Users/strelnikov/Documents/dev/my-java/Templates/postgres-jpa)
2024-02-09T23:09:45.016-05:00  INFO 42858 --- [           main] c.s.p.c.AuthorControllerIntegrationTest  : No active profile set, falling back to 1 default profile: "default"
2024-02-09T23:09:45.059-05:00  INFO 42858 --- [           main] .s.d.r.c.RepositoryConfigurationDelegate : Bootstrapping Spring Data JPA repositories in DEFAULT mode.
2024-02-09T23:09:45.063-05:00  INFO 42858 --- [           main] .s.d.r.c.RepositoryConfigurationDelegate : Finished Spring Data repository scanning in 3 ms. Found 2 JPA repository interfaces.
2024-02-09T23:09:45.084-05:00  INFO 42858 --- [           main] com.zaxxer.hikari.HikariDataSource       : HikariPool-14 - Starting...
2024-02-09T23:09:45.084-05:00  INFO 42858 --- [           main] com.zaxxer.hikari.pool.HikariPool        : HikariPool-14 - Added connection conn52: url=jdbc:h2:mem:testdb:MODE=PostgreSQL user=SA
2024-02-09T23:09:45.084-05:00  INFO 42858 --- [           main] com.zaxxer.hikari.HikariDataSource       : HikariPool-14 - Start completed.
2024-02-09T23:09:45.085-05:00  INFO 42858 --- [           main] o.hibernate.jpa.internal.util.LogHelper  : HHH000204: Processing PersistenceUnitInfo [name: default]
2024-02-09T23:09:45.085-05:00  INFO 42858 --- [           main] o.h.c.internal.RegionFactoryInitiator    : HHH000026: Second-level cache disabled
2024-02-09T23:09:45.086-05:00  INFO 42858 --- [           main] o.s.o.j.p.SpringPersistenceUnitInfo      : No LoadTimeWeaver setup: ignoring JPA class transformer
2024-02-09T23:09:45.101-05:00  INFO 42858 --- [           main] o.h.e.t.j.p.i.JtaPlatformInitiator       : HHH000489: No JTA platform available (set 'hibernate.transaction.jta.platform' to enable JTA platform integration)
2024-02-09T23:09:45.103-05:00  INFO 42858 --- [           main] j.LocalContainerEntityManagerFactoryBean : Initialized JPA EntityManagerFactory for persistence unit 'default'
2024-02-09T23:09:45.124-05:00  WARN 42858 --- [           main] JpaBaseConfiguration$JpaWebConfiguration : spring.jpa.open-in-view is enabled by default. Therefore, database queries may be performed during view rendering. Explicitly configure spring.jpa.open-in-view to disable this warning
2024-02-09T23:09:45.151-05:00  INFO 42858 --- [           main] o.s.b.t.m.w.SpringBootMockServletContext : Initializing Spring TestDispatcherServlet ''
2024-02-09T23:09:45.151-05:00  INFO 42858 --- [           main] o.s.t.web.servlet.TestDispatcherServlet  : Initializing Servlet ''
2024-02-09T23:09:45.151-05:00  INFO 42858 --- [           main] o.s.t.web.servlet.TestDispatcherServlet  : Completed initialization in 0 ms
2024-02-09T23:09:45.154-05:00  INFO 42858 --- [           main] c.s.p.c.AuthorControllerIntegrationTest  : Started AuthorControllerIntegrationTest in 0.145 seconds (process running for 6.074)
2024-02-09T23:09:45.162-05:00  INFO 42858 --- [           main] j.LocalContainerEntityManagerFactoryBean : Closing JPA EntityManagerFactory for persistence unit 'default'
2024-02-09T23:09:45.163-05:00  INFO 42858 --- [           main] com.zaxxer.hikari.HikariDataSource       : HikariPool-14 - Shutdown initiated...
2024-02-09T23:09:45.164-05:00  INFO 42858 --- [           main] com.zaxxer.hikari.HikariDataSource       : HikariPool-14 - Shutdown completed.
]]></system-out>
  </testcase>
  <testcase name="testThatGetByIdReturnsHttpStatus404WhenNoAuthorExists" classname="com.stelnikov.postgresjpa.controller.AuthorControllerIntegrationTest" time="0.006">
    <system-out><![CDATA[
  .   ____          _            __ _ _
 /\\ / ___'_ __ _ _(_)_ __  __ _ \ \ \ \
( ( )\___ | '_ | '_| | '_ \/ _` | \ \ \ \
 \\/  ___)| |_)| | | | | || (_| |  ) ) ) )
  '  |____| .__|_| |_|_| |_\__, | / / / /
 =========|_|==============|___/=/_/_/_/
 :: Spring Boot ::                (v3.2.2)

2024-02-09T23:09:45.171-05:00  INFO 42858 --- [           main] c.s.p.c.AuthorControllerIntegrationTest  : Starting AuthorControllerIntegrationTest using Java 19.0.2 with PID 42858 (started by strelnikov in /Users/strelnikov/Documents/dev/my-java/Templates/postgres-jpa)
2024-02-09T23:09:45.171-05:00  INFO 42858 --- [           main] c.s.p.c.AuthorControllerIntegrationTest  : No active profile set, falling back to 1 default profile: "default"
2024-02-09T23:09:45.217-05:00  INFO 42858 --- [           main] .s.d.r.c.RepositoryConfigurationDelegate : Bootstrapping Spring Data JPA repositories in DEFAULT mode.
2024-02-09T23:09:45.221-05:00  INFO 42858 --- [           main] .s.d.r.c.RepositoryConfigurationDelegate : Finished Spring Data repository scanning in 3 ms. Found 2 JPA repository interfaces.
2024-02-09T23:09:45.241-05:00  INFO 42858 --- [           main] com.zaxxer.hikari.HikariDataSource       : HikariPool-15 - Starting...
2024-02-09T23:09:45.242-05:00  INFO 42858 --- [           main] com.zaxxer.hikari.pool.HikariPool        : HikariPool-15 - Added connection conn53: url=jdbc:h2:mem:testdb:MODE=PostgreSQL user=SA
2024-02-09T23:09:45.242-05:00  INFO 42858 --- [           main] com.zaxxer.hikari.HikariDataSource       : HikariPool-15 - Start completed.
2024-02-09T23:09:45.242-05:00  INFO 42858 --- [           main] o.hibernate.jpa.internal.util.LogHelper  : HHH000204: Processing PersistenceUnitInfo [name: default]
2024-02-09T23:09:45.243-05:00  INFO 42858 --- [           main] o.h.c.internal.RegionFactoryInitiator    : HHH000026: Second-level cache disabled
2024-02-09T23:09:45.244-05:00  INFO 42858 --- [           main] o.s.o.j.p.SpringPersistenceUnitInfo      : No LoadTimeWeaver setup: ignoring JPA class transformer
2024-02-09T23:09:45.259-05:00  INFO 42858 --- [           main] o.h.e.t.j.p.i.JtaPlatformInitiator       : HHH000489: No JTA platform available (set 'hibernate.transaction.jta.platform' to enable JTA platform integration)
2024-02-09T23:09:45.261-05:00  INFO 42858 --- [           main] j.LocalContainerEntityManagerFactoryBean : Initialized JPA EntityManagerFactory for persistence unit 'default'
2024-02-09T23:09:45.285-05:00  WARN 42858 --- [           main] JpaBaseConfiguration$JpaWebConfiguration : spring.jpa.open-in-view is enabled by default. Therefore, database queries may be performed during view rendering. Explicitly configure spring.jpa.open-in-view to disable this warning
2024-02-09T23:09:45.311-05:00  INFO 42858 --- [           main] o.s.b.t.m.w.SpringBootMockServletContext : Initializing Spring TestDispatcherServlet ''
2024-02-09T23:09:45.311-05:00  INFO 42858 --- [           main] o.s.t.web.servlet.TestDispatcherServlet  : Initializing Servlet ''
2024-02-09T23:09:45.312-05:00  INFO 42858 --- [           main] o.s.t.web.servlet.TestDispatcherServlet  : Completed initialization in 1 ms
2024-02-09T23:09:45.314-05:00  INFO 42858 --- [           main] c.s.p.c.AuthorControllerIntegrationTest  : Started AuthorControllerIntegrationTest in 0.149 seconds (process running for 6.235)
2024-02-09T23:09:45.320-05:00  INFO 42858 --- [           main] j.LocalContainerEntityManagerFactoryBean : Closing JPA EntityManagerFactory for persistence unit 'default'
2024-02-09T23:09:45.321-05:00  INFO 42858 --- [           main] com.zaxxer.hikari.HikariDataSource       : HikariPool-15 - Shutdown initiated...
2024-02-09T23:09:45.321-05:00  INFO 42858 --- [           main] com.zaxxer.hikari.HikariDataSource       : HikariPool-15 - Shutdown completed.
]]></system-out>
  </testcase>
  <testcase name="testThatDeleteSuccessfullyReturnHttp204ForNonExistingAuthor" classname="com.stelnikov.postgresjpa.controller.AuthorControllerIntegrationTest" time="0.005">
    <system-out><![CDATA[
  .   ____          _            __ _ _
 /\\ / ___'_ __ _ _(_)_ __  __ _ \ \ \ \
( ( )\___ | '_ | '_| | '_ \/ _` | \ \ \ \
 \\/  ___)| |_)| | | | | || (_| |  ) ) ) )
  '  |____| .__|_| |_|_| |_\__, | / / / /
 =========|_|==============|___/=/_/_/_/
 :: Spring Boot ::                (v3.2.2)

2024-02-09T23:09:45.328-05:00  INFO 42858 --- [           main] c.s.p.c.AuthorControllerIntegrationTest  : Starting AuthorControllerIntegrationTest using Java 19.0.2 with PID 42858 (started by strelnikov in /Users/strelnikov/Documents/dev/my-java/Templates/postgres-jpa)
2024-02-09T23:09:45.328-05:00  INFO 42858 --- [           main] c.s.p.c.AuthorControllerIntegrationTest  : No active profile set, falling back to 1 default profile: "default"
2024-02-09T23:09:45.371-05:00  INFO 42858 --- [           main] .s.d.r.c.RepositoryConfigurationDelegate : Bootstrapping Spring Data JPA repositories in DEFAULT mode.
2024-02-09T23:09:45.375-05:00  INFO 42858 --- [           main] .s.d.r.c.RepositoryConfigurationDelegate : Finished Spring Data repository scanning in 3 ms. Found 2 JPA repository interfaces.
2024-02-09T23:09:45.396-05:00  INFO 42858 --- [           main] com.zaxxer.hikari.HikariDataSource       : HikariPool-16 - Starting...
2024-02-09T23:09:45.400-05:00  INFO 42858 --- [           main] com.zaxxer.hikari.pool.HikariPool        : HikariPool-16 - Added connection conn54: url=jdbc:h2:mem:testdb:MODE=PostgreSQL user=SA
2024-02-09T23:09:45.400-05:00  INFO 42858 --- [           main] com.zaxxer.hikari.HikariDataSource       : HikariPool-16 - Start completed.
2024-02-09T23:09:45.400-05:00  INFO 42858 --- [           main] o.hibernate.jpa.internal.util.LogHelper  : HHH000204: Processing PersistenceUnitInfo [name: default]
2024-02-09T23:09:45.401-05:00  INFO 42858 --- [           main] o.h.c.internal.RegionFactoryInitiator    : HHH000026: Second-level cache disabled
2024-02-09T23:09:45.402-05:00  INFO 42858 --- [           main] o.s.o.j.p.SpringPersistenceUnitInfo      : No LoadTimeWeaver setup: ignoring JPA class transformer
2024-02-09T23:09:45.418-05:00  INFO 42858 --- [           main] o.h.e.t.j.p.i.JtaPlatformInitiator       : HHH000489: No JTA platform available (set 'hibernate.transaction.jta.platform' to enable JTA platform integration)
2024-02-09T23:09:45.420-05:00  INFO 42858 --- [           main] j.LocalContainerEntityManagerFactoryBean : Initialized JPA EntityManagerFactory for persistence unit 'default'
2024-02-09T23:09:45.440-05:00  WARN 42858 --- [           main] JpaBaseConfiguration$JpaWebConfiguration : spring.jpa.open-in-view is enabled by default. Therefore, database queries may be performed during view rendering. Explicitly configure spring.jpa.open-in-view to disable this warning
2024-02-09T23:09:45.472-05:00  INFO 42858 --- [           main] o.s.b.t.m.w.SpringBootMockServletContext : Initializing Spring TestDispatcherServlet ''
2024-02-09T23:09:45.472-05:00  INFO 42858 --- [           main] o.s.t.web.servlet.TestDispatcherServlet  : Initializing Servlet ''
2024-02-09T23:09:45.472-05:00  INFO 42858 --- [           main] o.s.t.web.servlet.TestDispatcherServlet  : Completed initialization in 0 ms
2024-02-09T23:09:45.475-05:00  INFO 42858 --- [           main] c.s.p.c.AuthorControllerIntegrationTest  : Started AuthorControllerIntegrationTest in 0.152 seconds (process running for 6.395)
2024-02-09T23:09:45.480-05:00  INFO 42858 --- [           main] j.LocalContainerEntityManagerFactoryBean : Closing JPA EntityManagerFactory for persistence unit 'default'
2024-02-09T23:09:45.480-05:00  INFO 42858 --- [           main] com.zaxxer.hikari.HikariDataSource       : HikariPool-16 - Shutdown initiated...
2024-02-09T23:09:45.481-05:00  INFO 42858 --- [           main] com.zaxxer.hikari.HikariDataSource       : HikariPool-16 - Shutdown completed.
]]></system-out>
  </testcase>
  <testcase name="testThatGetByIdReturnsHttpStatus200WhenAuthorExist" classname="com.stelnikov.postgresjpa.controller.AuthorControllerIntegrationTest" time="0.007">
    <system-out><![CDATA[
  .   ____          _            __ _ _
 /\\ / ___'_ __ _ _(_)_ __  __ _ \ \ \ \
( ( )\___ | '_ | '_| | '_ \/ _` | \ \ \ \
 \\/  ___)| |_)| | | | | || (_| |  ) ) ) )
  '  |____| .__|_| |_|_| |_\__, | / / / /
 =========|_|==============|___/=/_/_/_/
 :: Spring Boot ::                (v3.2.2)

2024-02-09T23:09:45.492-05:00  INFO 42858 --- [           main] c.s.p.c.AuthorControllerIntegrationTest  : Starting AuthorControllerIntegrationTest using Java 19.0.2 with PID 42858 (started by strelnikov in /Users/strelnikov/Documents/dev/my-java/Templates/postgres-jpa)
2024-02-09T23:09:45.492-05:00  INFO 42858 --- [           main] c.s.p.c.AuthorControllerIntegrationTest  : No active profile set, falling back to 1 default profile: "default"
2024-02-09T23:09:45.537-05:00  INFO 42858 --- [           main] .s.d.r.c.RepositoryConfigurationDelegate : Bootstrapping Spring Data JPA repositories in DEFAULT mode.
2024-02-09T23:09:45.543-05:00  INFO 42858 --- [           main] .s.d.r.c.RepositoryConfigurationDelegate : Finished Spring Data repository scanning in 5 ms. Found 2 JPA repository interfaces.
2024-02-09T23:09:45.563-05:00  INFO 42858 --- [           main] com.zaxxer.hikari.HikariDataSource       : HikariPool-17 - Starting...
2024-02-09T23:09:45.564-05:00  INFO 42858 --- [           main] com.zaxxer.hikari.pool.HikariPool        : HikariPool-17 - Added connection conn55: url=jdbc:h2:mem:testdb:MODE=PostgreSQL user=SA
2024-02-09T23:09:45.564-05:00  INFO 42858 --- [           main] com.zaxxer.hikari.HikariDataSource       : HikariPool-17 - Start completed.
2024-02-09T23:09:45.564-05:00  INFO 42858 --- [           main] o.hibernate.jpa.internal.util.LogHelper  : HHH000204: Processing PersistenceUnitInfo [name: default]
2024-02-09T23:09:45.565-05:00  INFO 42858 --- [           main] o.h.c.internal.RegionFactoryInitiator    : HHH000026: Second-level cache disabled
2024-02-09T23:09:45.566-05:00  INFO 42858 --- [           main] o.s.o.j.p.SpringPersistenceUnitInfo      : No LoadTimeWeaver setup: ignoring JPA class transformer
2024-02-09T23:09:45.580-05:00  INFO 42858 --- [           main] o.h.e.t.j.p.i.JtaPlatformInitiator       : HHH000489: No JTA platform available (set 'hibernate.transaction.jta.platform' to enable JTA platform integration)
2024-02-09T23:09:45.581-05:00  INFO 42858 --- [           main] j.LocalContainerEntityManagerFactoryBean : Initialized JPA EntityManagerFactory for persistence unit 'default'
2024-02-09T23:09:45.601-05:00  WARN 42858 --- [           main] JpaBaseConfiguration$JpaWebConfiguration : spring.jpa.open-in-view is enabled by default. Therefore, database queries may be performed during view rendering. Explicitly configure spring.jpa.open-in-view to disable this warning
2024-02-09T23:09:45.627-05:00  INFO 42858 --- [           main] o.s.b.t.m.w.SpringBootMockServletContext : Initializing Spring TestDispatcherServlet ''
2024-02-09T23:09:45.627-05:00  INFO 42858 --- [           main] o.s.t.web.servlet.TestDispatcherServlet  : Initializing Servlet ''
2024-02-09T23:09:45.627-05:00  INFO 42858 --- [           main] o.s.t.web.servlet.TestDispatcherServlet  : Completed initialization in 0 ms
2024-02-09T23:09:45.630-05:00  INFO 42858 --- [           main] c.s.p.c.AuthorControllerIntegrationTest  : Started AuthorControllerIntegrationTest in 0.147 seconds (process running for 6.55)
2024-02-09T23:09:45.637-05:00  INFO 42858 --- [           main] j.LocalContainerEntityManagerFactoryBean : Closing JPA EntityManagerFactory for persistence unit 'default'
2024-02-09T23:09:45.638-05:00  INFO 42858 --- [           main] com.zaxxer.hikari.HikariDataSource       : HikariPool-17 - Shutdown initiated...
2024-02-09T23:09:45.638-05:00  INFO 42858 --- [           main] com.zaxxer.hikari.HikariDataSource       : HikariPool-17 - Shutdown completed.
]]></system-out>
  </testcase>
  <testcase name="testThatPartialUpdateExistingAuthorReturnsHttpStatus20Ok" classname="com.stelnikov.postgresjpa.controller.AuthorControllerIntegrationTest" time="0.011">
    <system-out><![CDATA[
  .   ____          _            __ _ _
 /\\ / ___'_ __ _ _(_)_ __  __ _ \ \ \ \
( ( )\___ | '_ | '_| | '_ \/ _` | \ \ \ \
 \\/  ___)| |_)| | | | | || (_| |  ) ) ) )
  '  |____| .__|_| |_|_| |_\__, | / / / /
 =========|_|==============|___/=/_/_/_/
 :: Spring Boot ::                (v3.2.2)

2024-02-09T23:09:45.645-05:00  INFO 42858 --- [           main] c.s.p.c.AuthorControllerIntegrationTest  : Starting AuthorControllerIntegrationTest using Java 19.0.2 with PID 42858 (started by strelnikov in /Users/strelnikov/Documents/dev/my-java/Templates/postgres-jpa)
2024-02-09T23:09:45.645-05:00  INFO 42858 --- [           main] c.s.p.c.AuthorControllerIntegrationTest  : No active profile set, falling back to 1 default profile: "default"
2024-02-09T23:09:45.689-05:00  INFO 42858 --- [           main] .s.d.r.c.RepositoryConfigurationDelegate : Bootstrapping Spring Data JPA repositories in DEFAULT mode.
2024-02-09T23:09:45.692-05:00  INFO 42858 --- [           main] .s.d.r.c.RepositoryConfigurationDelegate : Finished Spring Data repository scanning in 3 ms. Found 2 JPA repository interfaces.
2024-02-09T23:09:45.712-05:00  INFO 42858 --- [           main] com.zaxxer.hikari.HikariDataSource       : HikariPool-18 - Starting...
2024-02-09T23:09:45.713-05:00  INFO 42858 --- [           main] com.zaxxer.hikari.pool.HikariPool        : HikariPool-18 - Added connection conn56: url=jdbc:h2:mem:testdb:MODE=PostgreSQL user=SA
2024-02-09T23:09:45.713-05:00  INFO 42858 --- [           main] com.zaxxer.hikari.HikariDataSource       : HikariPool-18 - Start completed.
2024-02-09T23:09:45.713-05:00  INFO 42858 --- [           main] o.hibernate.jpa.internal.util.LogHelper  : HHH000204: Processing PersistenceUnitInfo [name: default]
2024-02-09T23:09:45.714-05:00  INFO 42858 --- [           main] o.h.c.internal.RegionFactoryInitiator    : HHH000026: Second-level cache disabled
2024-02-09T23:09:45.715-05:00  INFO 42858 --- [           main] o.s.o.j.p.SpringPersistenceUnitInfo      : No LoadTimeWeaver setup: ignoring JPA class transformer
2024-02-09T23:09:45.727-05:00  INFO 42858 --- [           main] o.h.e.t.j.p.i.JtaPlatformInitiator       : HHH000489: No JTA platform available (set 'hibernate.transaction.jta.platform' to enable JTA platform integration)
2024-02-09T23:09:45.729-05:00  INFO 42858 --- [           main] j.LocalContainerEntityManagerFactoryBean : Initialized JPA EntityManagerFactory for persistence unit 'default'
2024-02-09T23:09:45.753-05:00  WARN 42858 --- [           main] JpaBaseConfiguration$JpaWebConfiguration : spring.jpa.open-in-view is enabled by default. Therefore, database queries may be performed during view rendering. Explicitly configure spring.jpa.open-in-view to disable this warning
2024-02-09T23:09:45.779-05:00  INFO 42858 --- [           main] o.s.b.t.m.w.SpringBootMockServletContext : Initializing Spring TestDispatcherServlet ''
2024-02-09T23:09:45.779-05:00  INFO 42858 --- [           main] o.s.t.web.servlet.TestDispatcherServlet  : Initializing Servlet ''
2024-02-09T23:09:45.779-05:00  INFO 42858 --- [           main] o.s.t.web.servlet.TestDispatcherServlet  : Completed initialization in 0 ms
2024-02-09T23:09:45.782-05:00  INFO 42858 --- [           main] c.s.p.c.AuthorControllerIntegrationTest  : Started AuthorControllerIntegrationTest in 0.142 seconds (process running for 6.702)
2024-02-09T23:09:45.793-05:00  INFO 42858 --- [           main] j.LocalContainerEntityManagerFactoryBean : Closing JPA EntityManagerFactory for persistence unit 'default'
2024-02-09T23:09:45.793-05:00  INFO 42858 --- [           main] com.zaxxer.hikari.HikariDataSource       : HikariPool-18 - Shutdown initiated...
2024-02-09T23:09:45.793-05:00  INFO 42858 --- [           main] com.zaxxer.hikari.HikariDataSource       : HikariPool-18 - Shutdown completed.
]]></system-out>
  </testcase>
  <testcase name="testThatUpdateReturnsHttpStatus200WhenAuthorExists" classname="com.stelnikov.postgresjpa.controller.AuthorControllerIntegrationTest" time="0.01">
    <system-out><![CDATA[
  .   ____          _            __ _ _
 /\\ / ___'_ __ _ _(_)_ __  __ _ \ \ \ \
( ( )\___ | '_ | '_| | '_ \/ _` | \ \ \ \
 \\/  ___)| |_)| | | | | || (_| |  ) ) ) )
  '  |____| .__|_| |_|_| |_\__, | / / / /
 =========|_|==============|___/=/_/_/_/
 :: Spring Boot ::                (v3.2.2)

2024-02-09T23:09:45.810-05:00  INFO 42858 --- [           main] c.s.p.c.AuthorControllerIntegrationTest  : Starting AuthorControllerIntegrationTest using Java 19.0.2 with PID 42858 (started by strelnikov in /Users/strelnikov/Documents/dev/my-java/Templates/postgres-jpa)
2024-02-09T23:09:45.810-05:00  INFO 42858 --- [           main] c.s.p.c.AuthorControllerIntegrationTest  : No active profile set, falling back to 1 default profile: "default"
2024-02-09T23:09:45.855-05:00  INFO 42858 --- [           main] .s.d.r.c.RepositoryConfigurationDelegate : Bootstrapping Spring Data JPA repositories in DEFAULT mode.
2024-02-09T23:09:45.859-05:00  INFO 42858 --- [           main] .s.d.r.c.RepositoryConfigurationDelegate : Finished Spring Data repository scanning in 3 ms. Found 2 JPA repository interfaces.
2024-02-09T23:09:45.878-05:00  INFO 42858 --- [           main] com.zaxxer.hikari.HikariDataSource       : HikariPool-19 - Starting...
2024-02-09T23:09:45.879-05:00  INFO 42858 --- [           main] com.zaxxer.hikari.pool.HikariPool        : HikariPool-19 - Added connection conn57: url=jdbc:h2:mem:testdb:MODE=PostgreSQL user=SA
2024-02-09T23:09:45.879-05:00  INFO 42858 --- [           main] com.zaxxer.hikari.HikariDataSource       : HikariPool-19 - Start completed.
2024-02-09T23:09:45.879-05:00  INFO 42858 --- [           main] o.hibernate.jpa.internal.util.LogHelper  : HHH000204: Processing PersistenceUnitInfo [name: default]
2024-02-09T23:09:45.880-05:00  INFO 42858 --- [           main] o.h.c.internal.RegionFactoryInitiator    : HHH000026: Second-level cache disabled
2024-02-09T23:09:45.881-05:00  INFO 42858 --- [           main] o.s.o.j.p.SpringPersistenceUnitInfo      : No LoadTimeWeaver setup: ignoring JPA class transformer
2024-02-09T23:09:45.894-05:00  INFO 42858 --- [           main] o.h.e.t.j.p.i.JtaPlatformInitiator       : HHH000489: No JTA platform available (set 'hibernate.transaction.jta.platform' to enable JTA platform integration)
2024-02-09T23:09:45.895-05:00  INFO 42858 --- [           main] j.LocalContainerEntityManagerFactoryBean : Initialized JPA EntityManagerFactory for persistence unit 'default'
2024-02-09T23:09:45.915-05:00  WARN 42858 --- [           main] JpaBaseConfiguration$JpaWebConfiguration : spring.jpa.open-in-view is enabled by default. Therefore, database queries may be performed during view rendering. Explicitly configure spring.jpa.open-in-view to disable this warning
2024-02-09T23:09:45.939-05:00  INFO 42858 --- [           main] o.s.b.t.m.w.SpringBootMockServletContext : Initializing Spring TestDispatcherServlet ''
2024-02-09T23:09:45.939-05:00  INFO 42858 --- [           main] o.s.t.web.servlet.TestDispatcherServlet  : Initializing Servlet ''
2024-02-09T23:09:45.939-05:00  INFO 42858 --- [           main] o.s.t.web.servlet.TestDispatcherServlet  : Completed initialization in 0 ms
2024-02-09T23:09:45.942-05:00  INFO 42858 --- [           main] c.s.p.c.AuthorControllerIntegrationTest  : Started AuthorControllerIntegrationTest in 0.148 seconds (process running for 6.862)
2024-02-09T23:09:45.951-05:00  INFO 42858 --- [           main] j.LocalContainerEntityManagerFactoryBean : Closing JPA EntityManagerFactory for persistence unit 'default'
2024-02-09T23:09:45.951-05:00  INFO 42858 --- [           main] com.zaxxer.hikari.HikariDataSource       : HikariPool-19 - Shutdown initiated...
2024-02-09T23:09:45.952-05:00  INFO 42858 --- [           main] com.zaxxer.hikari.HikariDataSource       : HikariPool-19 - Shutdown completed.
]]></system-out>
  </testcase>
  <testcase name="testThatUpdateReturnsHttpStatus404WhenNoAuthorExists" classname="com.stelnikov.postgresjpa.controller.AuthorControllerIntegrationTest" time="0.007">
    <system-out><![CDATA[
  .   ____          _            __ _ _
 /\\ / ___'_ __ _ _(_)_ __  __ _ \ \ \ \
( ( )\___ | '_ | '_| | '_ \/ _` | \ \ \ \
 \\/  ___)| |_)| | | | | || (_| |  ) ) ) )
  '  |____| .__|_| |_|_| |_\__, | / / / /
 =========|_|==============|___/=/_/_/_/
 :: Spring Boot ::                (v3.2.2)

2024-02-09T23:09:45.959-05:00  INFO 42858 --- [           main] c.s.p.c.AuthorControllerIntegrationTest  : Starting AuthorControllerIntegrationTest using Java 19.0.2 with PID 42858 (started by strelnikov in /Users/strelnikov/Documents/dev/my-java/Templates/postgres-jpa)
2024-02-09T23:09:45.959-05:00  INFO 42858 --- [           main] c.s.p.c.AuthorControllerIntegrationTest  : No active profile set, falling back to 1 default profile: "default"
2024-02-09T23:09:46.001-05:00  INFO 42858 --- [           main] .s.d.r.c.RepositoryConfigurationDelegate : Bootstrapping Spring Data JPA repositories in DEFAULT mode.
2024-02-09T23:09:46.005-05:00  INFO 42858 --- [           main] .s.d.r.c.RepositoryConfigurationDelegate : Finished Spring Data repository scanning in 3 ms. Found 2 JPA repository interfaces.
2024-02-09T23:09:46.030-05:00  INFO 42858 --- [           main] com.zaxxer.hikari.HikariDataSource       : HikariPool-20 - Starting...
2024-02-09T23:09:46.030-05:00  INFO 42858 --- [           main] com.zaxxer.hikari.pool.HikariPool        : HikariPool-20 - Added connection conn58: url=jdbc:h2:mem:testdb:MODE=PostgreSQL user=SA
2024-02-09T23:09:46.030-05:00  INFO 42858 --- [           main] com.zaxxer.hikari.HikariDataSource       : HikariPool-20 - Start completed.
2024-02-09T23:09:46.031-05:00  INFO 42858 --- [           main] o.hibernate.jpa.internal.util.LogHelper  : HHH000204: Processing PersistenceUnitInfo [name: default]
2024-02-09T23:09:46.032-05:00  INFO 42858 --- [           main] o.h.c.internal.RegionFactoryInitiator    : HHH000026: Second-level cache disabled
2024-02-09T23:09:46.033-05:00  INFO 42858 --- [           main] o.s.o.j.p.SpringPersistenceUnitInfo      : No LoadTimeWeaver setup: ignoring JPA class transformer
2024-02-09T23:09:46.045-05:00  INFO 42858 --- [           main] o.h.e.t.j.p.i.JtaPlatformInitiator       : HHH000489: No JTA platform available (set 'hibernate.transaction.jta.platform' to enable JTA platform integration)
2024-02-09T23:09:46.046-05:00  INFO 42858 --- [           main] j.LocalContainerEntityManagerFactoryBean : Initialized JPA EntityManagerFactory for persistence unit 'default'
2024-02-09T23:09:46.073-05:00  WARN 42858 --- [           main] JpaBaseConfiguration$JpaWebConfiguration : spring.jpa.open-in-view is enabled by default. Therefore, database queries may be performed during view rendering. Explicitly configure spring.jpa.open-in-view to disable this warning
2024-02-09T23:09:46.098-05:00  INFO 42858 --- [           main] o.s.b.t.m.w.SpringBootMockServletContext : Initializing Spring TestDispatcherServlet ''
2024-02-09T23:09:46.098-05:00  INFO 42858 --- [           main] o.s.t.web.servlet.TestDispatcherServlet  : Initializing Servlet ''
2024-02-09T23:09:46.099-05:00  INFO 42858 --- [           main] o.s.t.web.servlet.TestDispatcherServlet  : Completed initialization in 1 ms
2024-02-09T23:09:46.101-05:00  INFO 42858 --- [           main] c.s.p.c.AuthorControllerIntegrationTest  : Started AuthorControllerIntegrationTest in 0.148 seconds (process running for 7.021)
2024-02-09T23:09:46.108-05:00  INFO 42858 --- [           main] j.LocalContainerEntityManagerFactoryBean : Closing JPA EntityManagerFactory for persistence unit 'default'
2024-02-09T23:09:46.109-05:00  INFO 42858 --- [           main] com.zaxxer.hikari.HikariDataSource       : HikariPool-20 - Shutdown initiated...
2024-02-09T23:09:46.109-05:00  INFO 42858 --- [           main] com.zaxxer.hikari.HikariDataSource       : HikariPool-20 - Shutdown completed.
]]></system-out>
  </testcase>
  <testcase name="testThatGetByIdReturnsAuthorWhenAuthorExist" classname="com.stelnikov.postgresjpa.controller.AuthorControllerIntegrationTest" time="0.008">
    <system-out><![CDATA[
  .   ____          _            __ _ _
 /\\ / ___'_ __ _ _(_)_ __  __ _ \ \ \ \
( ( )\___ | '_ | '_| | '_ \/ _` | \ \ \ \
 \\/  ___)| |_)| | | | | || (_| |  ) ) ) )
  '  |____| .__|_| |_|_| |_\__, | / / / /
 =========|_|==============|___/=/_/_/_/
 :: Spring Boot ::                (v3.2.2)

2024-02-09T23:09:46.116-05:00  INFO 42858 --- [           main] c.s.p.c.AuthorControllerIntegrationTest  : Starting AuthorControllerIntegrationTest using Java 19.0.2 with PID 42858 (started by strelnikov in /Users/strelnikov/Documents/dev/my-java/Templates/postgres-jpa)
2024-02-09T23:09:46.116-05:00  INFO 42858 --- [           main] c.s.p.c.AuthorControllerIntegrationTest  : No active profile set, falling back to 1 default profile: "default"
2024-02-09T23:09:46.157-05:00  INFO 42858 --- [           main] .s.d.r.c.RepositoryConfigurationDelegate : Bootstrapping Spring Data JPA repositories in DEFAULT mode.
2024-02-09T23:09:46.160-05:00  INFO 42858 --- [           main] .s.d.r.c.RepositoryConfigurationDelegate : Finished Spring Data repository scanning in 3 ms. Found 2 JPA repository interfaces.
2024-02-09T23:09:46.179-05:00  INFO 42858 --- [           main] com.zaxxer.hikari.HikariDataSource       : HikariPool-21 - Starting...
2024-02-09T23:09:46.179-05:00  INFO 42858 --- [           main] com.zaxxer.hikari.pool.HikariPool        : HikariPool-21 - Added connection conn59: url=jdbc:h2:mem:testdb:MODE=PostgreSQL user=SA
2024-02-09T23:09:46.180-05:00  INFO 42858 --- [           main] com.zaxxer.hikari.HikariDataSource       : HikariPool-21 - Start completed.
2024-02-09T23:09:46.180-05:00  INFO 42858 --- [           main] o.hibernate.jpa.internal.util.LogHelper  : HHH000204: Processing PersistenceUnitInfo [name: default]
2024-02-09T23:09:46.181-05:00  INFO 42858 --- [           main] o.h.c.internal.RegionFactoryInitiator    : HHH000026: Second-level cache disabled
2024-02-09T23:09:46.182-05:00  INFO 42858 --- [           main] o.s.o.j.p.SpringPersistenceUnitInfo      : No LoadTimeWeaver setup: ignoring JPA class transformer
2024-02-09T23:09:46.193-05:00  INFO 42858 --- [           main] o.h.e.t.j.p.i.JtaPlatformInitiator       : HHH000489: No JTA platform available (set 'hibernate.transaction.jta.platform' to enable JTA platform integration)
2024-02-09T23:09:46.195-05:00  INFO 42858 --- [           main] j.LocalContainerEntityManagerFactoryBean : Initialized JPA EntityManagerFactory for persistence unit 'default'
2024-02-09T23:09:46.214-05:00  WARN 42858 --- [           main] JpaBaseConfiguration$JpaWebConfiguration : spring.jpa.open-in-view is enabled by default. Therefore, database queries may be performed during view rendering. Explicitly configure spring.jpa.open-in-view to disable this warning
2024-02-09T23:09:46.241-05:00  INFO 42858 --- [           main] o.s.b.t.m.w.SpringBootMockServletContext : Initializing Spring TestDispatcherServlet ''
2024-02-09T23:09:46.241-05:00  INFO 42858 --- [           main] o.s.t.web.servlet.TestDispatcherServlet  : Initializing Servlet ''
2024-02-09T23:09:46.241-05:00  INFO 42858 --- [           main] o.s.t.web.servlet.TestDispatcherServlet  : Completed initialization in 0 ms
2024-02-09T23:09:46.244-05:00  INFO 42858 --- [           main] c.s.p.c.AuthorControllerIntegrationTest  : Started AuthorControllerIntegrationTest in 0.134 seconds (process running for 7.164)
2024-02-09T23:09:46.252-05:00  INFO 42858 --- [           main] j.LocalContainerEntityManagerFactoryBean : Closing JPA EntityManagerFactory for persistence unit 'default'
2024-02-09T23:09:46.253-05:00  INFO 42858 --- [           main] com.zaxxer.hikari.HikariDataSource       : HikariPool-21 - Shutdown initiated...
2024-02-09T23:09:46.253-05:00  INFO 42858 --- [           main] com.zaxxer.hikari.HikariDataSource       : HikariPool-21 - Shutdown completed.
]]></system-out>
  </testcase>
  <testcase name="testThatCreateAuthorSuccessfullyReturnsSavedAuthor" classname="com.stelnikov.postgresjpa.controller.AuthorControllerIntegrationTest" time="0.009">
    <system-out><![CDATA[
  .   ____          _            __ _ _
 /\\ / ___'_ __ _ _(_)_ __  __ _ \ \ \ \
( ( )\___ | '_ | '_| | '_ \/ _` | \ \ \ \
 \\/  ___)| |_)| | | | | || (_| |  ) ) ) )
  '  |____| .__|_| |_|_| |_\__, | / / / /
 =========|_|==============|___/=/_/_/_/
 :: Spring Boot ::                (v3.2.2)

2024-02-09T23:09:46.260-05:00  INFO 42858 --- [           main] c.s.p.c.AuthorControllerIntegrationTest  : Starting AuthorControllerIntegrationTest using Java 19.0.2 with PID 42858 (started by strelnikov in /Users/strelnikov/Documents/dev/my-java/Templates/postgres-jpa)
2024-02-09T23:09:46.260-05:00  INFO 42858 --- [           main] c.s.p.c.AuthorControllerIntegrationTest  : No active profile set, falling back to 1 default profile: "default"
2024-02-09T23:09:46.301-05:00  INFO 42858 --- [           main] .s.d.r.c.RepositoryConfigurationDelegate : Bootstrapping Spring Data JPA repositories in DEFAULT mode.
2024-02-09T23:09:46.304-05:00  INFO 42858 --- [           main] .s.d.r.c.RepositoryConfigurationDelegate : Finished Spring Data repository scanning in 3 ms. Found 2 JPA repository interfaces.
2024-02-09T23:09:46.323-05:00  INFO 42858 --- [           main] com.zaxxer.hikari.HikariDataSource       : HikariPool-22 - Starting...
2024-02-09T23:09:46.324-05:00  INFO 42858 --- [           main] com.zaxxer.hikari.pool.HikariPool        : HikariPool-22 - Added connection conn60: url=jdbc:h2:mem:testdb:MODE=PostgreSQL user=SA
2024-02-09T23:09:46.324-05:00  INFO 42858 --- [           main] com.zaxxer.hikari.HikariDataSource       : HikariPool-22 - Start completed.
2024-02-09T23:09:46.324-05:00  INFO 42858 --- [           main] o.hibernate.jpa.internal.util.LogHelper  : HHH000204: Processing PersistenceUnitInfo [name: default]
2024-02-09T23:09:46.325-05:00  INFO 42858 --- [           main] o.h.c.internal.RegionFactoryInitiator    : HHH000026: Second-level cache disabled
2024-02-09T23:09:46.326-05:00  INFO 42858 --- [           main] o.s.o.j.p.SpringPersistenceUnitInfo      : No LoadTimeWeaver setup: ignoring JPA class transformer
2024-02-09T23:09:46.339-05:00  INFO 42858 --- [           main] o.h.e.t.j.p.i.JtaPlatformInitiator       : HHH000489: No JTA platform available (set 'hibernate.transaction.jta.platform' to enable JTA platform integration)
2024-02-09T23:09:46.341-05:00  INFO 42858 --- [           main] j.LocalContainerEntityManagerFactoryBean : Initialized JPA EntityManagerFactory for persistence unit 'default'
2024-02-09T23:09:46.365-05:00  WARN 42858 --- [           main] JpaBaseConfiguration$JpaWebConfiguration : spring.jpa.open-in-view is enabled by default. Therefore, database queries may be performed during view rendering. Explicitly configure spring.jpa.open-in-view to disable this warning
2024-02-09T23:09:46.393-05:00  INFO 42858 --- [           main] o.s.b.t.m.w.SpringBootMockServletContext : Initializing Spring TestDispatcherServlet ''
2024-02-09T23:09:46.393-05:00  INFO 42858 --- [           main] o.s.t.web.servlet.TestDispatcherServlet  : Initializing Servlet ''
2024-02-09T23:09:46.393-05:00  INFO 42858 --- [           main] o.s.t.web.servlet.TestDispatcherServlet  : Completed initialization in 0 ms
2024-02-09T23:09:46.396-05:00  INFO 42858 --- [           main] c.s.p.c.AuthorControllerIntegrationTest  : Started AuthorControllerIntegrationTest in 0.142 seconds (process running for 7.316)
2024-02-09T23:09:46.405-05:00  INFO 42858 --- [           main] j.LocalContainerEntityManagerFactoryBean : Closing JPA EntityManagerFactory for persistence unit 'default'
2024-02-09T23:09:46.405-05:00  INFO 42858 --- [           main] com.zaxxer.hikari.HikariDataSource       : HikariPool-22 - Shutdown initiated...
2024-02-09T23:09:46.406-05:00  INFO 42858 --- [           main] com.zaxxer.hikari.HikariDataSource       : HikariPool-22 - Shutdown completed.
]]></system-out>
  </testcase>
</testsuite>