<?xml version="1.0" encoding="UTF-8"?>
<testsuite xmlns:xsi="http://www.w3.org/2001/XMLSchema-instance" xsi:noNamespaceSchemaLocation="https://maven.apache.org/surefire/maven-surefire-plugin/xsd/surefire-test-report-3.0.xsd" version="3.0" name="com.stelnikov.postgresjpa.repository.AuthorDaoImplIntegrationTest" time="3.459" tests="4" errors="0" skipped="0" failures="0">
  <properties>
[...]
</properties>
  <testcase name="testThatDeleteAuthorDeletesSuccessfully" classname="com.stelnikov.postgresjpa.repository.AuthorDaoImplIntegrationTest" time="0.439">
    <system-out><![CDATA[23:35:40.949 [main] INFO org.springframework.test.context.support.AnnotationConfigContextLoaderUtils -- Could not detect default configuration classes for test class [com.stelnikov.postgresjpa.repository.AuthorDaoImplIntegrationTest]: AuthorDaoImplIntegrationTest does not declare any static, non-private, non-final, nested classes annotated with @Configuration.
23:35:41.002 [main] INFO org.springframework.boot.test.context.SpringBootTestContextBootstrapper -- Found @SpringBootConfiguration com.stelnikov.postgresjpa.PostgresJpaApplication for test class com.stelnikov.postgresjpa.repository.AuthorDaoImplIntegrationTest

  .   ____          _            __ _ _
 /\\ / ___'_ __ _ _(_)_ __  __ _ \ \ \ \
( ( )\___ | '_ | '_| | '_ \/ _` | \ \ \ \
 \\/  ___)| |_)| | | | | || (_| |  ) ) ) )
  '  |____| .__|_| |_|_| |_\__, | / / / /
 =========|_|==============|___/=/_/_/_/
 :: Spring Boot ::                (v3.2.2)

2024-02-09T23:35:41.195-05:00  INFO 43483 --- [           main] c.s.p.r.AuthorDaoImplIntegrationTest     : Starting AuthorDaoImplIntegrationTest using Java 19.0.2 with PID 43483 (started by strelnikov in /Users/strelnikov/Documents/dev/my-java/Templates/postgres-jpa)
2024-02-09T23:35:41.196-05:00  INFO 43483 --- [           main] c.s.p.r.AuthorDaoImplIntegrationTest     : No active profile set, falling back to 1 default profile: "default"
2024-02-09T23:35:41.529-05:00  INFO 43483 --- [           main] .s.d.r.c.RepositoryConfigurationDelegate : Bootstrapping Spring Data JPA repositories in DEFAULT mode.
2024-02-09T23:35:41.567-05:00  INFO 43483 --- [           main] .s.d.r.c.RepositoryConfigurationDelegate : Finished Spring Data repository scanning in 34 ms. Found 2 JPA repository interfaces.
2024-02-09T23:35:41.794-05:00  INFO 43483 --- [           main] com.zaxxer.hikari.HikariDataSource       : HikariPool-1 - Starting...
2024-02-09T23:35:41.903-05:00  INFO 43483 --- [           main] com.zaxxer.hikari.pool.HikariPool        : HikariPool-1 - Added connection conn0: url=jdbc:h2:mem:testdb:MODE=PostgreSQL user=SA
2024-02-09T23:35:41.903-05:00  INFO 43483 --- [           main] com.zaxxer.hikari.HikariDataSource       : HikariPool-1 - Start completed.
2024-02-09T23:35:41.932-05:00  INFO 43483 --- [           main] o.hibernate.jpa.internal.util.LogHelper  : HHH000204: Processing PersistenceUnitInfo [name: default]
2024-02-09T23:35:41.960-05:00  INFO 43483 --- [           main] org.hibernate.Version                    : HHH000412: Hibernate ORM core version 6.4.1.Final
2024-02-09T23:35:41.976-05:00  INFO 43483 --- [           main] o.h.c.internal.RegionFactoryInitiator    : HHH000026: Second-level cache disabled
2024-02-09T23:35:42.097-05:00  INFO 43483 --- [           main] o.s.o.j.p.SpringPersistenceUnitInfo      : No LoadTimeWeaver setup: ignoring JPA class transformer
2024-02-09T23:35:42.569-05:00  INFO 43483 --- [           main] o.h.e.t.j.p.i.JtaPlatformInitiator       : HHH000489: No JTA platform available (set 'hibernate.transaction.jta.platform' to enable JTA platform integration)
2024-02-09T23:35:42.595-05:00  INFO 43483 --- [           main] j.LocalContainerEntityManagerFactoryBean : Initialized JPA EntityManagerFactory for persistence unit 'default'
2024-02-09T23:35:42.867-05:00  WARN 43483 --- [           main] JpaBaseConfiguration$JpaWebConfiguration : spring.jpa.open-in-view is enabled by default. Therefore, database queries may be performed during view rendering. Explicitly configure spring.jpa.open-in-view to disable this warning
2024-02-09T23:35:43.070-05:00  INFO 43483 --- [           main] c.s.p.r.AuthorDaoImplIntegrationTest     : Started AuthorDaoImplIntegrationTest in 1.998 seconds (process running for 2.583)
2024-02-09T23:35:43.512-05:00  INFO 43483 --- [           main] j.LocalContainerEntityManagerFactoryBean : Closing JPA EntityManagerFactory for persistence unit 'default'
2024-02-09T23:35:43.515-05:00  INFO 43483 --- [           main] com.zaxxer.hikari.HikariDataSource       : HikariPool-1 - Shutdown initiated...
2024-02-09T23:35:43.516-05:00  INFO 43483 --- [           main] com.zaxxer.hikari.HikariDataSource       : HikariPool-1 - Shutdown completed.
]]></system-out>
  </testcase>
  <testcase name="testThatAuthorCanBeUpdated" classname="com.stelnikov.postgresjpa.repository.AuthorDaoImplIntegrationTest" time="0.026">
    <system-out><![CDATA[
  .   ____          _            __ _ _
 /\\ / ___'_ __ _ _(_)_ __  __ _ \ \ \ \
( ( )\___ | '_ | '_| | '_ \/ _` | \ \ \ \
 \\/  ___)| |_)| | | | | || (_| |  ) ) ) )
  '  |____| .__|_| |_|_| |_\__, | / / / /
 =========|_|==============|___/=/_/_/_/
 :: Spring Boot ::                (v3.2.2)

2024-02-09T23:35:43.531-05:00  INFO 43483 --- [           main] c.s.p.r.AuthorDaoImplIntegrationTest     : Starting AuthorDaoImplIntegrationTest using Java 19.0.2 with PID 43483 (started by strelnikov in /Users/strelnikov/Documents/dev/my-java/Templates/postgres-jpa)
2024-02-09T23:35:43.532-05:00  INFO 43483 --- [           main] c.s.p.r.AuthorDaoImplIntegrationTest     : No active profile set, falling back to 1 default profile: "default"
2024-02-09T23:35:43.604-05:00  INFO 43483 --- [           main] .s.d.r.c.RepositoryConfigurationDelegate : Bootstrapping Spring Data JPA repositories in DEFAULT mode.
2024-02-09T23:35:43.616-05:00  INFO 43483 --- [           main] .s.d.r.c.RepositoryConfigurationDelegate : Finished Spring Data repository scanning in 11 ms. Found 2 JPA repository interfaces.
2024-02-09T23:35:43.653-05:00  INFO 43483 --- [           main] com.zaxxer.hikari.HikariDataSource       : HikariPool-2 - Starting...
2024-02-09T23:35:43.654-05:00  INFO 43483 --- [           main] com.zaxxer.hikari.pool.HikariPool        : HikariPool-2 - Added connection conn10: url=jdbc:h2:mem:testdb:MODE=PostgreSQL user=SA
2024-02-09T23:35:43.655-05:00  INFO 43483 --- [           main] com.zaxxer.hikari.HikariDataSource       : HikariPool-2 - Start completed.
2024-02-09T23:35:43.655-05:00  INFO 43483 --- [           main] o.hibernate.jpa.internal.util.LogHelper  : HHH000204: Processing PersistenceUnitInfo [name: default]
2024-02-09T23:35:43.656-05:00  INFO 43483 --- [           main] o.h.c.internal.RegionFactoryInitiator    : HHH000026: Second-level cache disabled
2024-02-09T23:35:43.658-05:00  INFO 43483 --- [           main] o.s.o.j.p.SpringPersistenceUnitInfo      : No LoadTimeWeaver setup: ignoring JPA class transformer
2024-02-09T23:35:43.677-05:00  INFO 43483 --- [           main] o.h.e.t.j.p.i.JtaPlatformInitiator       : HHH000489: No JTA platform available (set 'hibernate.transaction.jta.platform' to enable JTA platform integration)
2024-02-09T23:35:43.680-05:00  INFO 43483 --- [           main] j.LocalContainerEntityManagerFactoryBean : Initialized JPA EntityManagerFactory for persistence unit 'default'
2024-02-09T23:35:43.731-05:00  WARN 43483 --- [           main] JpaBaseConfiguration$JpaWebConfiguration : spring.jpa.open-in-view is enabled by default. Therefore, database queries may be performed during view rendering. Explicitly configure spring.jpa.open-in-view to disable this warning
2024-02-09T23:35:43.784-05:00  INFO 43483 --- [           main] c.s.p.r.AuthorDaoImplIntegrationTest     : Started AuthorDaoImplIntegrationTest in 0.264 seconds (process running for 3.297)
2024-02-09T23:35:43.800-05:00  INFO 43483 --- [           main] j.LocalContainerEntityManagerFactoryBean : Closing JPA EntityManagerFactory for persistence unit 'default'
2024-02-09T23:35:43.801-05:00  INFO 43483 --- [           main] com.zaxxer.hikari.HikariDataSource       : HikariPool-2 - Shutdown initiated...
2024-02-09T23:35:43.811-05:00  INFO 43483 --- [           main] com.zaxxer.hikari.HikariDataSource       : HikariPool-2 - Shutdown completed.
]]></system-out>
  </testcase>
  <testcase name="findAllShouldReturnListOfAuthors" classname="com.stelnikov.postgresjpa.repository.AuthorDaoImplIntegrationTest" time="0.055">
    <system-out><![CDATA[
  .   ____          _            __ _ _
 /\\ / ___'_ __ _ _(_)_ __  __ _ \ \ \ \
( ( )\___ | '_ | '_| | '_ \/ _` | \ \ \ \
 \\/  ___)| |_)| | | | | || (_| |  ) ) ) )
  '  |____| .__|_| |_|_| |_\__, | / / / /
 =========|_|==============|___/=/_/_/_/
 :: Spring Boot ::                (v3.2.2)

2024-02-09T23:35:43.822-05:00  INFO 43483 --- [           main] c.s.p.r.AuthorDaoImplIntegrationTest     : Starting AuthorDaoImplIntegrationTest using Java 19.0.2 with PID 43483 (started by strelnikov in /Users/strelnikov/Documents/dev/my-java/Templates/postgres-jpa)
2024-02-09T23:35:43.822-05:00  INFO 43483 --- [           main] c.s.p.r.AuthorDaoImplIntegrationTest     : No active profile set, falling back to 1 default profile: "default"
2024-02-09T23:35:43.879-05:00  INFO 43483 --- [           main] .s.d.r.c.RepositoryConfigurationDelegate : Bootstrapping Spring Data JPA repositories in DEFAULT mode.
2024-02-09T23:35:43.884-05:00  INFO 43483 --- [           main] .s.d.r.c.RepositoryConfigurationDelegate : Finished Spring Data repository scanning in 5 ms. Found 2 JPA repository interfaces.
2024-02-09T23:35:43.916-05:00  INFO 43483 --- [           main] com.zaxxer.hikari.HikariDataSource       : HikariPool-3 - Starting...
2024-02-09T23:35:43.917-05:00  INFO 43483 --- [           main] com.zaxxer.hikari.pool.HikariPool        : HikariPool-3 - Added connection conn15: url=jdbc:h2:mem:testdb:MODE=PostgreSQL user=SA
2024-02-09T23:35:43.917-05:00  INFO 43483 --- [           main] com.zaxxer.hikari.HikariDataSource       : HikariPool-3 - Start completed.
2024-02-09T23:35:43.918-05:00  INFO 43483 --- [           main] o.hibernate.jpa.internal.util.LogHelper  : HHH000204: Processing PersistenceUnitInfo [name: default]
2024-02-09T23:35:43.919-05:00  INFO 43483 --- [           main] o.h.c.internal.RegionFactoryInitiator    : HHH000026: Second-level cache disabled
2024-02-09T23:35:43.920-05:00  INFO 43483 --- [           main] o.s.o.j.p.SpringPersistenceUnitInfo      : No LoadTimeWeaver setup: ignoring JPA class transformer
2024-02-09T23:35:43.938-05:00  INFO 43483 --- [           main] o.h.e.t.j.p.i.JtaPlatformInitiator       : HHH000489: No JTA platform available (set 'hibernate.transaction.jta.platform' to enable JTA platform integration)
2024-02-09T23:35:43.940-05:00  INFO 43483 --- [           main] j.LocalContainerEntityManagerFactoryBean : Initialized JPA EntityManagerFactory for persistence unit 'default'
2024-02-09T23:35:43.982-05:00  WARN 43483 --- [           main] JpaBaseConfiguration$JpaWebConfiguration : spring.jpa.open-in-view is enabled by default. Therefore, database queries may be performed during view rendering. Explicitly configure spring.jpa.open-in-view to disable this warning
2024-02-09T23:35:44.031-05:00  INFO 43483 --- [           main] c.s.p.r.AuthorDaoImplIntegrationTest     : Started AuthorDaoImplIntegrationTest in 0.218 seconds (process running for 3.544)
2024-02-09T23:35:44.084-05:00  INFO 43483 --- [           main] j.LocalContainerEntityManagerFactoryBean : Closing JPA EntityManagerFactory for persistence unit 'default'
2024-02-09T23:35:44.085-05:00  INFO 43483 --- [           main] com.zaxxer.hikari.HikariDataSource       : HikariPool-3 - Shutdown initiated...
2024-02-09T23:35:44.087-05:00  INFO 43483 --- [           main] com.zaxxer.hikari.HikariDataSource       : HikariPool-3 - Shutdown completed.
]]></system-out>
  </testcase>
  <testcase name="testThatAuthorCanBeCreatedAndRecalled" classname="com.stelnikov.postgresjpa.repository.AuthorDaoImplIntegrationTest" time="0.01">
    <system-out><![CDATA[
  .   ____          _            __ _ _
 /\\ / ___'_ __ _ _(_)_ __  __ _ \ \ \ \
( ( )\___ | '_ | '_| | '_ \/ _` | \ \ \ \
 \\/  ___)| |_)| | | | | || (_| |  ) ) ) )
  '  |____| .__|_| |_|_| |_\__, | / / / /
 =========|_|==============|___/=/_/_/_/
 :: Spring Boot ::                (v3.2.2)

2024-02-09T23:35:44.097-05:00  INFO 43483 --- [           main] c.s.p.r.AuthorDaoImplIntegrationTest     : Starting AuthorDaoImplIntegrationTest using Java 19.0.2 with PID 43483 (started by strelnikov in /Users/strelnikov/Documents/dev/my-java/Templates/postgres-jpa)
2024-02-09T23:35:44.097-05:00  INFO 43483 --- [           main] c.s.p.r.AuthorDaoImplIntegrationTest     : No active profile set, falling back to 1 default profile: "default"
2024-02-09T23:35:44.152-05:00  INFO 43483 --- [           main] .s.d.r.c.RepositoryConfigurationDelegate : Bootstrapping Spring Data JPA repositories in DEFAULT mode.
2024-02-09T23:35:44.156-05:00  INFO 43483 --- [           main] .s.d.r.c.RepositoryConfigurationDelegate : Finished Spring Data repository scanning in 4 ms. Found 2 JPA repository interfaces.
2024-02-09T23:35:44.191-05:00  INFO 43483 --- [           main] com.zaxxer.hikari.HikariDataSource       : HikariPool-4 - Starting...
2024-02-09T23:35:44.192-05:00  INFO 43483 --- [           main] com.zaxxer.hikari.pool.HikariPool        : HikariPool-4 - Added connection conn21: url=jdbc:h2:mem:testdb:MODE=PostgreSQL user=SA
2024-02-09T23:35:44.192-05:00  INFO 43483 --- [           main] com.zaxxer.hikari.HikariDataSource       : HikariPool-4 - Start completed.
2024-02-09T23:35:44.193-05:00  INFO 43483 --- [           main] o.hibernate.jpa.internal.util.LogHelper  : HHH000204: Processing PersistenceUnitInfo [name: default]
2024-02-09T23:35:44.194-05:00  INFO 43483 --- [           main] o.h.c.internal.RegionFactoryInitiator    : HHH000026: Second-level cache disabled
2024-02-09T23:35:44.195-05:00  INFO 43483 --- [           main] o.s.o.j.p.SpringPersistenceUnitInfo      : No LoadTimeWeaver setup: ignoring JPA class transformer
2024-02-09T23:35:44.214-05:00  INFO 43483 --- [           main] o.h.e.t.j.p.i.JtaPlatformInitiator       : HHH000489: No JTA platform available (set 'hibernate.transaction.jta.platform' to enable JTA platform integration)
2024-02-09T23:35:44.216-05:00  INFO 43483 --- [           main] j.LocalContainerEntityManagerFactoryBean : Initialized JPA EntityManagerFactory for persistence unit 'default'
2024-02-09T23:35:44.250-05:00  WARN 43483 --- [           main] JpaBaseConfiguration$JpaWebConfiguration : spring.jpa.open-in-view is enabled by default. Therefore, database queries may be performed during view rendering. Explicitly configure spring.jpa.open-in-view to disable this warning
2024-02-09T23:35:44.285-05:00  INFO 43483 --- [           main] c.s.p.r.AuthorDaoImplIntegrationTest     : Started AuthorDaoImplIntegrationTest in 0.197 seconds (process running for 3.797)
2024-02-09T23:35:44.294-05:00  INFO 43483 --- [           main] j.LocalContainerEntityManagerFactoryBean : Closing JPA EntityManagerFactory for persistence unit 'default'
2024-02-09T23:35:44.295-05:00  INFO 43483 --- [           main] com.zaxxer.hikari.HikariDataSource       : HikariPool-4 - Shutdown initiated...
2024-02-09T23:35:44.296-05:00  INFO 43483 --- [           main] com.zaxxer.hikari.HikariDataSource       : HikariPool-4 - Shutdown completed.
]]></system-out>
  </testcase>
</testsuite>